2025-12-20 13:56:41,663 - INFO - Loading faiss with AVX2 support.
2025-12-20 13:56:41,682 - INFO - Successfully loaded faiss with AVX2 support.
2025-12-20 16:11:56,236 - INFO - Loading faiss with AVX2 support.
2025-12-20 16:11:56,286 - INFO - Successfully loaded faiss with AVX2 support.
2025-12-20 16:12:15,639 - INFO -    耗时: 1.019秒
2025-12-20 16:12:15,639 - INFO -    检测到瑕疵数: 1
2025-12-20 16:12:15,639 - INFO -    检测阈值: 0.6007
2025-12-20 16:12:15,640 - INFO -    瑕疵1: 污点, 面积2210像素, 位置(369, 410)
2025-12-20 16:13:34,562 - INFO -    耗时: 0.765秒
2025-12-20 16:13:34,562 - INFO -    检测到瑕疵数: 1
2025-12-20 16:13:34,562 - INFO -    检测阈值: 0.7382
2025-12-20 16:13:34,562 - INFO -    瑕疵1: 大瑕疵, 面积1952像素, 位置(474, 239)
2025-12-20 17:14:40,724 - INFO - Loading faiss with AVX2 support.
2025-12-20 17:14:40,744 - INFO - Successfully loaded faiss with AVX2 support.
2025-12-20 17:14:47,277 - INFO -    耗时: 0.941秒
2025-12-20 17:14:47,278 - INFO -    检测到瑕疵数: 1
2025-12-20 17:14:47,278 - INFO -    检测阈值: 0.7933
2025-12-20 17:14:47,278 - INFO -    瑕疵1: 污点, 面积2851像素, 位置(221, 189)
2025-12-20 17:14:48,091 - INFO -    耗时: 0.810秒
2025-12-20 17:14:48,092 - INFO -    检测到瑕疵数: 1
2025-12-20 17:14:48,092 - INFO -    检测阈值: 0.7574
2025-12-20 17:14:48,092 - INFO -    瑕疵1: 污点, 面积2986像素, 位置(193, 184)
2025-12-20 17:14:48,887 - INFO -    耗时: 0.792秒
2025-12-20 17:14:48,888 - INFO -    检测到瑕疵数: 1
2025-12-20 17:14:48,888 - INFO -    检测阈值: 0.7914
2025-12-20 17:14:48,888 - INFO -    瑕疵1: 污点, 面积2919像素, 位置(176, 190)
2025-12-20 17:14:49,674 - INFO -    耗时: 0.784秒
2025-12-20 17:14:49,674 - INFO -    检测到瑕疵数: 0
2025-12-20 17:14:49,675 - INFO -    检测阈值: 0.7909
2025-12-20 17:14:50,466 - INFO -    耗时: 0.789秒
2025-12-20 17:14:50,466 - INFO -    检测到瑕疵数: 1
2025-12-20 17:14:50,466 - INFO -    检测阈值: 0.8229
2025-12-20 17:14:50,467 - INFO -    瑕疵1: 污点, 面积981像素, 位置(136, 189)
2025-12-20 17:14:51,305 - INFO -    耗时: 0.836秒
2025-12-20 17:14:51,305 - INFO -    检测到瑕疵数: 1
2025-12-20 17:14:51,305 - INFO -    检测阈值: 0.7960
2025-12-20 17:14:51,305 - INFO -    瑕疵1: 污点, 面积1171像素, 位置(118, 192)
2025-12-20 17:14:52,116 - INFO -    耗时: 0.808秒
2025-12-20 17:14:52,116 - INFO -    检测到瑕疵数: 1
2025-12-20 17:14:52,116 - INFO -    检测阈值: 0.8382
2025-12-20 17:14:52,116 - INFO -    瑕疵1: 污点, 面积1739像素, 位置(94, 188)
2025-12-20 17:14:52,911 - INFO -    耗时: 0.792秒
2025-12-20 17:14:52,911 - INFO -    检测到瑕疵数: 1
2025-12-20 17:14:52,911 - INFO -    检测阈值: 0.9176
2025-12-20 17:14:52,912 - INFO -    瑕疵1: 大瑕疵, 面积635像素, 位置(80, 189)
2025-12-20 17:14:53,738 - INFO -    耗时: 0.824秒
2025-12-20 17:14:53,738 - INFO -    检测到瑕疵数: 1
2025-12-20 17:14:53,739 - INFO -    检测阈值: 0.7826
2025-12-20 17:14:53,739 - INFO -    瑕疵1: 污点, 面积5394像素, 位置(39, 187)
2025-12-20 17:14:54,545 - INFO -    耗时: 0.803秒
2025-12-20 17:14:54,546 - INFO -    检测到瑕疵数: 1
2025-12-20 17:14:54,546 - INFO -    检测阈值: 0.8185
2025-12-20 17:14:54,546 - INFO -    瑕疵1: 污点, 面积5085像素, 位置(24, 178)
2025-12-20 17:14:55,349 - INFO -    耗时: 0.800秒
2025-12-20 17:14:55,349 - INFO -    检测到瑕疵数: 1
2025-12-20 17:14:55,349 - INFO -    检测阈值: 0.8878
2025-12-20 17:14:55,349 - INFO -    瑕疵1: 污点, 面积1073像素, 位置(10, 195)
2025-12-20 17:14:56,192 - INFO -    耗时: 0.840秒
2025-12-20 17:14:56,193 - INFO -    检测到瑕疵数: 1
2025-12-20 17:14:56,193 - INFO -    检测阈值: 0.8512
2025-12-20 17:14:56,193 - INFO -    瑕疵1: 小瑕疵, 面积101像素, 位置(502, 336)
2025-12-20 17:14:57,071 - INFO -    耗时: 0.873秒
2025-12-20 17:14:57,071 - INFO -    检测到瑕疵数: 1
2025-12-20 17:14:57,071 - INFO -    检测阈值: 0.8057
2025-12-20 17:14:57,071 - INFO -    瑕疵1: 大瑕疵, 面积1156像素, 位置(8, 187)
2025-12-20 17:14:57,895 - INFO -    耗时: 0.821秒
2025-12-20 17:14:57,895 - INFO -    检测到瑕疵数: 0
2025-12-20 17:14:57,895 - INFO -    检测阈值: 0.8539
2025-12-20 17:14:58,694 - INFO -    耗时: 0.796秒
2025-12-20 17:14:58,694 - INFO -    检测到瑕疵数: 0
2025-12-20 17:14:58,694 - INFO -    检测阈值: 0.9368
2025-12-20 17:14:59,561 - INFO -    耗时: 0.865秒
2025-12-20 17:14:59,562 - INFO -    检测到瑕疵数: 0
2025-12-20 17:14:59,562 - INFO -    检测阈值: 0.8304
2025-12-20 17:15:00,441 - INFO -    耗时: 0.878秒
2025-12-20 17:15:00,441 - INFO -    检测到瑕疵数: 1
2025-12-20 17:15:00,442 - INFO -    检测阈值: 0.8214
2025-12-20 17:15:00,442 - INFO -    瑕疵1: 污点, 面积196像素, 位置(8, 115)
2025-12-20 17:15:01,273 - INFO -    耗时: 0.828秒
2025-12-20 17:15:01,273 - INFO -    检测到瑕疵数: 0
2025-12-20 17:15:01,273 - INFO -    检测阈值: 0.8009
2025-12-20 17:15:02,113 - INFO -    耗时: 0.835秒
2025-12-20 17:15:02,113 - INFO -    检测到瑕疵数: 0
2025-12-20 17:15:02,113 - INFO -    检测阈值: 0.8469
2025-12-20 17:15:02,954 - INFO -    耗时: 0.839秒
2025-12-20 17:15:02,954 - INFO -    检测到瑕疵数: 0
2025-12-20 17:15:02,954 - INFO -    检测阈值: 0.8742
2025-12-20 17:15:03,751 - INFO -    耗时: 0.793秒
2025-12-20 17:15:03,752 - INFO -    检测到瑕疵数: 0
2025-12-20 17:15:03,752 - INFO -    检测阈值: 0.8872
2025-12-20 17:15:04,582 - INFO -    耗时: 0.829秒
2025-12-20 17:15:04,583 - INFO -    检测到瑕疵数: 0
2025-12-20 17:15:04,583 - INFO -    检测阈值: 0.8077
2025-12-20 17:15:05,394 - INFO -    耗时: 0.808秒
2025-12-20 17:15:05,394 - INFO -    检测到瑕疵数: 0
2025-12-20 17:15:05,394 - INFO -    检测阈值: 0.8494
2025-12-20 17:15:06,253 - INFO -    耗时: 0.857秒
2025-12-20 17:15:06,254 - INFO -    检测到瑕疵数: 1
2025-12-20 17:15:06,254 - INFO -    检测阈值: 0.8138
2025-12-20 17:15:06,254 - INFO -    瑕疵1: 大瑕疵, 面积473像素, 位置(17, 110)
2025-12-20 17:15:07,072 - INFO -    耗时: 0.816秒
2025-12-20 17:15:07,073 - INFO -    检测到瑕疵数: 0
2025-12-20 17:15:07,073 - INFO -    检测阈值: 0.8226
2025-12-20 17:15:07,892 - INFO -    耗时: 0.816秒
2025-12-20 17:15:07,892 - INFO -    检测到瑕疵数: 0
2025-12-20 17:15:07,892 - INFO -    检测阈值: 0.8726
2025-12-20 17:15:08,765 - INFO -    耗时: 0.870秒
2025-12-20 17:15:08,765 - INFO -    检测到瑕疵数: 0
2025-12-20 17:15:08,765 - INFO -    检测阈值: 0.8934
2025-12-20 17:15:09,597 - INFO -    耗时: 0.829秒
2025-12-20 17:15:09,597 - INFO -    检测到瑕疵数: 0
2025-12-20 17:15:09,597 - INFO -    检测阈值: 0.8045
2025-12-20 17:15:10,465 - INFO -    耗时: 0.865秒
2025-12-20 17:15:10,465 - INFO -    检测到瑕疵数: 1
2025-12-20 17:15:10,465 - INFO -    检测阈值: 0.7432
2025-12-20 17:15:10,465 - INFO -    瑕疵1: 大瑕疵, 面积1795像素, 位置(503, 189)
2025-12-20 17:15:11,320 - INFO -    耗时: 0.852秒
2025-12-20 17:15:11,320 - INFO -    检测到瑕疵数: 2
2025-12-20 17:15:11,320 - INFO -    检测阈值: 0.8421
2025-12-20 17:15:11,320 - INFO -    瑕疵1: 污点, 面积1899像素, 位置(503, 314)
2025-12-20 17:15:11,321 - INFO -    瑕疵2: 污点, 面积135像素, 位置(503, 147)
2025-12-20 17:15:12,172 - INFO -    耗时: 0.848秒
2025-12-20 17:15:12,172 - INFO -    检测到瑕疵数: 1
2025-12-20 17:15:12,172 - INFO -    检测阈值: 0.8613
2025-12-20 17:15:12,172 - INFO -    瑕疵1: 污点, 面积789像素, 位置(499, 150)
2025-12-20 17:15:13,043 - INFO -    耗时: 0.869秒
2025-12-20 17:15:13,044 - INFO -    检测到瑕疵数: 1
2025-12-20 17:15:13,044 - INFO -    检测阈值: 0.8484
2025-12-20 17:15:13,044 - INFO -    瑕疵1: 大瑕疵, 面积1064像素, 位置(503, 164)
2025-12-20 17:15:14,110 - INFO -    耗时: 1.063秒
2025-12-20 17:15:14,110 - INFO -    检测到瑕疵数: 1
2025-12-20 17:15:14,110 - INFO -    检测阈值: 0.8298
2025-12-20 17:15:14,111 - INFO -    瑕疵1: 污点, 面积203像素, 位置(503, 244)
2025-12-20 17:15:14,948 - INFO -    耗时: 0.835秒
2025-12-20 17:15:14,948 - INFO -    检测到瑕疵数: 1
2025-12-20 17:15:14,949 - INFO -    检测阈值: 0.7503
2025-12-20 17:15:14,949 - INFO -    瑕疵1: 污点, 面积1658像素, 位置(489, 244)
2025-12-20 17:15:15,873 - INFO -    耗时: 0.921秒
2025-12-20 17:15:15,874 - INFO -    检测到瑕疵数: 1
2025-12-20 17:15:15,874 - INFO -    检测阈值: 0.7634
2025-12-20 17:15:15,874 - INFO -    瑕疵1: 污点, 面积893像素, 位置(459, 236)
2025-12-20 17:15:16,708 - INFO -    耗时: 0.831秒
2025-12-20 17:15:16,708 - INFO -    检测到瑕疵数: 1
2025-12-20 17:15:16,708 - INFO -    检测阈值: 0.7530
2025-12-20 17:15:16,708 - INFO -    瑕疵1: 污点, 面积211像素, 位置(433, 238)
2025-12-20 17:15:17,520 - INFO -    耗时: 0.809秒
2025-12-20 17:15:17,520 - INFO -    检测到瑕疵数: 1
2025-12-20 17:15:17,521 - INFO -    检测阈值: 0.7485
2025-12-20 17:15:17,521 - INFO -    瑕疵1: 污点, 面积955像素, 位置(418, 238)
2025-12-20 17:15:18,428 - INFO -    耗时: 0.905秒
2025-12-20 17:15:18,428 - INFO -    检测到瑕疵数: 1
2025-12-20 17:15:18,429 - INFO -    检测阈值: 0.7310
2025-12-20 17:15:18,429 - INFO -    瑕疵1: 污点, 面积1558像素, 位置(407, 233)
2025-12-20 17:15:19,241 - INFO -    耗时: 0.810秒
2025-12-20 17:15:19,242 - INFO -    检测到瑕疵数: 1
2025-12-20 17:15:19,242 - INFO -    检测阈值: 0.7117
2025-12-20 17:15:19,242 - INFO -    瑕疵1: 污点, 面积1773像素, 位置(380, 228)
2025-12-20 17:15:20,157 - INFO -    耗时: 0.912秒
2025-12-20 17:15:20,157 - INFO -    检测到瑕疵数: 1
2025-12-20 17:15:20,157 - INFO -    检测阈值: 0.6824
2025-12-20 17:15:20,157 - INFO -    瑕疵1: 污点, 面积2370像素, 位置(358, 230)
2025-12-20 17:15:20,986 - INFO -    耗时: 0.825秒
2025-12-20 17:15:20,986 - INFO -    检测到瑕疵数: 1
2025-12-20 17:15:20,986 - INFO -    检测阈值: 0.7016
2025-12-20 17:15:20,986 - INFO -    瑕疵1: 污点, 面积2453像素, 位置(343, 233)
2025-12-20 17:15:21,826 - INFO -    耗时: 0.837秒
2025-12-20 17:15:21,826 - INFO -    检测到瑕疵数: 1
2025-12-20 17:15:21,826 - INFO -    检测阈值: 0.7168
2025-12-20 17:15:21,826 - INFO -    瑕疵1: 污点, 面积2043像素, 位置(321, 228)
2025-12-20 17:15:22,796 - INFO -    耗时: 0.967秒
2025-12-20 17:15:22,796 - INFO -    检测到瑕疵数: 1
2025-12-20 17:15:22,796 - INFO -    检测阈值: 0.7012
2025-12-20 17:15:22,796 - INFO -    瑕疵1: 污点, 面积1003像素, 位置(302, 229)
2025-12-20 17:15:23,677 - INFO -    耗时: 0.878秒
2025-12-20 17:15:23,677 - INFO -    检测到瑕疵数: 1
2025-12-20 17:15:23,678 - INFO -    检测阈值: 0.7535
2025-12-20 17:15:23,678 - INFO -    瑕疵1: 小瑕疵, 面积87像素, 位置(276, 238)
2025-12-20 17:15:24,544 - INFO -    耗时: 0.863秒
2025-12-20 17:15:24,545 - INFO -    检测到瑕疵数: 1
2025-12-20 17:15:24,545 - INFO -    检测阈值: 0.6744
2025-12-20 17:15:24,545 - INFO -    瑕疵1: 污点, 面积2478像素, 位置(260, 232)
2025-12-20 17:15:25,404 - INFO -    耗时: 0.858秒
2025-12-20 17:15:25,404 - INFO -    检测到瑕疵数: 1
2025-12-20 17:15:25,405 - INFO -    检测阈值: 0.6464
2025-12-20 17:15:25,405 - INFO -    瑕疵1: 污点, 面积3575像素, 位置(244, 230)
2025-12-20 17:15:26,231 - INFO -    耗时: 0.823秒
2025-12-20 17:15:26,231 - INFO -    检测到瑕疵数: 1
2025-12-20 17:15:26,231 - INFO -    检测阈值: 0.6832
2025-12-20 17:15:26,232 - INFO -    瑕疵1: 污点, 面积2861像素, 位置(224, 230)
2025-12-20 17:15:27,062 - INFO -    耗时: 0.828秒
2025-12-20 17:15:27,062 - INFO -    检测到瑕疵数: 1
2025-12-20 17:15:27,063 - INFO -    检测阈值: 0.6899
2025-12-20 17:15:27,063 - INFO -    瑕疵1: 污点, 面积1775像素, 位置(207, 231)
2025-12-20 17:15:27,892 - INFO -    耗时: 0.827秒
2025-12-20 17:15:27,892 - INFO -    检测到瑕疵数: 1
2025-12-20 17:15:27,892 - INFO -    检测阈值: 0.6907
2025-12-20 17:15:27,892 - INFO -    瑕疵1: 污点, 面积2440像素, 位置(182, 230)
2025-12-20 17:15:28,680 - INFO -    耗时: 0.786秒
2025-12-20 17:15:28,680 - INFO -    检测到瑕疵数: 1
2025-12-20 17:15:28,680 - INFO -    检测阈值: 0.7168
2025-12-20 17:15:28,680 - INFO -    瑕疵1: 污点, 面积1257像素, 位置(164, 229)
2025-12-20 17:15:29,516 - INFO -    耗时: 0.834秒
2025-12-20 17:15:29,516 - INFO -    检测到瑕疵数: 1
2025-12-20 17:15:29,516 - INFO -    检测阈值: 0.7126
2025-12-20 17:15:29,516 - INFO -    瑕疵1: 污点, 面积1987像素, 位置(148, 229)
2025-12-20 17:15:30,313 - INFO -    耗时: 0.794秒
2025-12-20 17:15:30,314 - INFO -    检测到瑕疵数: 1
2025-12-20 17:15:30,314 - INFO -    检测阈值: 0.7162
2025-12-20 17:15:30,314 - INFO -    瑕疵1: 污点, 面积2137像素, 位置(127, 231)
2025-12-20 17:15:31,129 - INFO -    耗时: 0.812秒
2025-12-20 17:15:31,129 - INFO -    检测到瑕疵数: 1
2025-12-20 17:15:31,130 - INFO -    检测阈值: 0.7172
2025-12-20 17:15:31,130 - INFO -    瑕疵1: 污点, 面积1067像素, 位置(104, 235)
2025-12-20 17:15:31,963 - INFO -    耗时: 0.831秒
2025-12-20 17:15:31,963 - INFO -    检测到瑕疵数: 1
2025-12-20 17:15:31,963 - INFO -    检测阈值: 0.7180
2025-12-20 17:15:31,963 - INFO -    瑕疵1: 污点, 面积1714像素, 位置(88, 230)
2025-12-20 17:15:32,755 - INFO -    耗时: 0.789秒
2025-12-20 17:15:32,756 - INFO -    检测到瑕疵数: 1
2025-12-20 17:15:32,756 - INFO -    检测阈值: 0.7076
2025-12-20 17:15:32,756 - INFO -    瑕疵1: 大瑕疵, 面积4341像素, 位置(50, 239)
2025-12-20 17:15:33,581 - INFO -    耗时: 0.824秒
2025-12-20 17:15:33,581 - INFO -    检测到瑕疵数: 1
2025-12-20 17:15:33,582 - INFO -    检测阈值: 0.7275
2025-12-20 17:15:33,582 - INFO -    瑕疵1: 污点, 面积4470像素, 位置(33, 236)
2025-12-20 17:15:34,412 - INFO -    耗时: 0.828秒
2025-12-20 17:15:34,412 - INFO -    检测到瑕疵数: 1
2025-12-20 17:15:34,413 - INFO -    检测阈值: 0.7459
2025-12-20 17:15:34,413 - INFO -    瑕疵1: 污点, 面积3665像素, 位置(15, 234)
2025-12-20 17:15:35,232 - INFO -    耗时: 0.815秒
2025-12-20 17:15:35,232 - INFO -    检测到瑕疵数: 1
2025-12-20 17:15:35,232 - INFO -    检测阈值: 0.7046
2025-12-20 17:15:35,232 - INFO -    瑕疵1: 污点, 面积3251像素, 位置(12, 238)
2025-12-20 17:15:36,052 - INFO -    耗时: 0.818秒
2025-12-20 17:15:36,053 - INFO -    检测到瑕疵数: 1
2025-12-20 17:15:36,053 - INFO -    检测阈值: 0.7884
2025-12-20 17:15:36,053 - INFO -    瑕疵1: 大瑕疵, 面积1491像素, 位置(7, 246)
2025-12-20 17:15:36,892 - INFO -    耗时: 0.837秒
2025-12-20 17:15:36,892 - INFO -    检测到瑕疵数: 0
2025-12-20 17:15:36,892 - INFO -    检测阈值: 0.8471
2025-12-20 17:15:37,727 - INFO -    耗时: 0.832秒
2025-12-20 17:15:37,727 - INFO -    检测到瑕疵数: 0
2025-12-20 17:15:37,727 - INFO -    检测阈值: 0.7399
2025-12-20 17:15:38,539 - INFO -    耗时: 0.809秒
2025-12-20 17:15:38,539 - INFO -    检测到瑕疵数: 0
2025-12-20 17:15:38,539 - INFO -    检测阈值: 0.8435
2025-12-20 17:15:39,359 - INFO -    耗时: 0.818秒
2025-12-20 17:15:39,359 - INFO -    检测到瑕疵数: 1
2025-12-20 17:15:39,360 - INFO -    检测阈值: 0.8035
2025-12-20 17:15:39,360 - INFO -    瑕疵1: 污点, 面积485像素, 位置(7, 263)
2025-12-20 17:15:40,163 - INFO -    耗时: 0.800秒
2025-12-20 17:15:40,163 - INFO -    检测到瑕疵数: 2
2025-12-20 17:15:40,164 - INFO -    检测阈值: 0.6518
2025-12-20 17:15:40,164 - INFO -    瑕疵1: 大瑕疵, 面积690像素, 位置(439, 417)
2025-12-20 17:15:40,164 - INFO -    瑕疵2: 污点, 面积941像素, 位置(9, 82)
2025-12-20 17:15:41,004 - INFO -    耗时: 0.838秒
2025-12-20 17:15:41,004 - INFO -    检测到瑕疵数: 0
2025-12-20 17:15:41,005 - INFO -    检测阈值: 0.8303
2025-12-20 17:15:41,912 - INFO -    耗时: 0.903秒
2025-12-20 17:15:41,913 - INFO -    检测到瑕疵数: 0
2025-12-20 17:15:41,913 - INFO -    检测阈值: 0.7893
2025-12-20 17:15:42,734 - INFO -    耗时: 0.818秒
2025-12-20 17:15:42,734 - INFO -    检测到瑕疵数: 0
2025-12-20 17:15:42,734 - INFO -    检测阈值: 0.7602
2025-12-20 17:15:43,553 - INFO -    耗时: 0.817秒
2025-12-20 17:15:43,554 - INFO -    检测到瑕疵数: 0
2025-12-20 17:15:43,554 - INFO -    检测阈值: 0.7515
2025-12-20 17:15:44,346 - INFO -    耗时: 0.789秒
2025-12-20 17:15:44,346 - INFO -    检测到瑕疵数: 0
2025-12-20 17:15:44,346 - INFO -    检测阈值: 0.7232
2025-12-20 17:15:45,219 - INFO -    耗时: 0.870秒
2025-12-20 17:15:45,220 - INFO -    检测到瑕疵数: 1
2025-12-20 17:15:45,220 - INFO -    检测阈值: 0.8311
2025-12-20 17:15:45,221 - INFO -    瑕疵1: 小瑕疵, 面积115像素, 位置(502, 110)
2025-12-20 17:15:46,060 - INFO -    耗时: 0.836秒
2025-12-20 17:15:46,060 - INFO -    检测到瑕疵数: 0
2025-12-20 17:15:46,060 - INFO -    检测阈值: 0.8069
2025-12-20 17:15:46,861 - INFO -    耗时: 0.798秒
2025-12-20 17:15:46,861 - INFO -    检测到瑕疵数: 0
2025-12-20 17:15:46,862 - INFO -    检测阈值: 0.7462
2025-12-20 17:15:47,697 - INFO -    耗时: 0.832秒
2025-12-20 17:15:47,697 - INFO -    检测到瑕疵数: 0
2025-12-20 17:15:47,697 - INFO -    检测阈值: 0.7996
2025-12-20 17:15:48,517 - INFO -    耗时: 0.818秒
2025-12-20 17:15:48,517 - INFO -    检测到瑕疵数: 1
2025-12-20 17:15:48,517 - INFO -    检测阈值: 0.8683
2025-12-20 17:15:48,518 - INFO -    瑕疵1: 污点, 面积679像素, 位置(503, 350)
2025-12-20 17:15:49,334 - INFO -    耗时: 0.814秒
2025-12-20 17:15:49,334 - INFO -    检测到瑕疵数: 1
2025-12-20 17:15:49,334 - INFO -    检测阈值: 0.7609
2025-12-20 17:15:49,335 - INFO -    瑕疵1: 污点, 面积2455像素, 位置(501, 337)
2025-12-20 17:15:50,183 - INFO -    耗时: 0.845秒
2025-12-20 17:15:50,183 - INFO -    检测到瑕疵数: 2
2025-12-20 17:15:50,183 - INFO -    检测阈值: 0.7907
2025-12-20 17:15:50,183 - INFO -    瑕疵1: 污点, 面积2391像素, 位置(500, 339)
2025-12-20 17:15:50,184 - INFO -    瑕疵2: 污点, 面积631像素, 位置(498, 179)
2025-12-20 17:15:51,000 - INFO -    耗时: 0.814秒
2025-12-20 17:15:51,000 - INFO -    检测到瑕疵数: 2
2025-12-20 17:15:51,000 - INFO -    检测阈值: 0.8500
2025-12-20 17:15:51,000 - INFO -    瑕疵1: 大瑕疵, 面积1362像素, 位置(486, 349)
2025-12-20 17:15:51,000 - INFO -    瑕疵2: 小瑕疵, 面积160像素, 位置(499, 176)
2025-12-20 17:15:51,814 - INFO -    耗时: 0.811秒
2025-12-20 17:15:51,814 - INFO -    检测到瑕疵数: 1
2025-12-20 17:15:51,814 - INFO -    检测阈值: 0.8731
2025-12-20 17:15:51,814 - INFO -    瑕疵1: 划痕, 面积31像素, 位置(503, 367)
2025-12-20 17:15:52,632 - INFO -    耗时: 0.815秒
2025-12-20 17:15:52,632 - INFO -    检测到瑕疵数: 0
2025-12-20 17:15:52,632 - INFO -    检测阈值: 0.9294
2025-12-20 17:15:53,470 - INFO -    耗时: 0.836秒
2025-12-20 17:15:53,470 - INFO -    检测到瑕疵数: 0
2025-12-20 17:15:53,470 - INFO -    检测阈值: 0.8882
2025-12-20 17:15:54,298 - INFO -    耗时: 0.826秒
2025-12-20 17:15:54,298 - INFO -    检测到瑕疵数: 1
2025-12-20 17:15:54,299 - INFO -    检测阈值: 0.7791
2025-12-20 17:15:54,299 - INFO -    瑕疵1: 污点, 面积431像素, 位置(11, 236)
2025-12-20 17:15:55,097 - INFO -    耗时: 0.795秒
2025-12-20 17:15:55,098 - INFO -    检测到瑕疵数: 0
2025-12-20 17:15:55,098 - INFO -    检测阈值: 0.9258
2025-12-20 17:15:55,907 - INFO -    耗时: 0.807秒
2025-12-20 17:15:55,907 - INFO -    检测到瑕疵数: 0
2025-12-20 17:15:55,907 - INFO -    检测阈值: 0.8445
2025-12-20 17:15:56,703 - INFO -    耗时: 0.794秒
2025-12-20 17:15:56,703 - INFO -    检测到瑕疵数: 0
2025-12-20 17:15:56,704 - INFO -    检测阈值: 0.7277
2025-12-20 17:15:57,511 - INFO -    耗时: 0.804秒
2025-12-20 17:15:57,511 - INFO -    检测到瑕疵数: 0
2025-12-20 17:15:57,511 - INFO -    检测阈值: 0.8171
2025-12-20 17:15:58,357 - INFO -    耗时: 0.843秒
2025-12-20 17:15:58,357 - INFO -    检测到瑕疵数: 1
2025-12-20 17:15:58,358 - INFO -    检测阈值: 0.7195
2025-12-20 17:15:58,358 - INFO -    瑕疵1: 污点, 面积524像素, 位置(9, 423)
2025-12-20 17:15:59,173 - INFO -    耗时: 0.814秒
2025-12-20 17:15:59,173 - INFO -    检测到瑕疵数: 0
2025-12-20 17:15:59,173 - INFO -    检测阈值: 0.8758
2025-12-20 17:15:59,956 - INFO -    耗时: 0.780秒
2025-12-20 17:15:59,956 - INFO -    检测到瑕疵数: 0
2025-12-20 17:15:59,956 - INFO -    检测阈值: 0.8612
2025-12-20 17:16:00,751 - INFO -    耗时: 0.793秒
2025-12-20 17:16:00,751 - INFO -    检测到瑕疵数: 0
2025-12-20 17:16:00,751 - INFO -    检测阈值: 0.8789
2025-12-20 17:16:01,565 - INFO -    耗时: 0.812秒
2025-12-20 17:16:01,565 - INFO -    检测到瑕疵数: 0
2025-12-20 17:16:01,565 - INFO -    检测阈值: 0.8071
2025-12-20 17:16:02,460 - INFO -    耗时: 0.891秒
2025-12-20 17:16:02,461 - INFO -    检测到瑕疵数: 0
2025-12-20 17:16:02,461 - INFO -    检测阈值: 0.8368
2025-12-20 17:16:03,313 - INFO -    耗时: 0.849秒
2025-12-20 17:16:03,313 - INFO -    检测到瑕疵数: 0
2025-12-20 17:16:03,314 - INFO -    检测阈值: 0.8716
2025-12-20 17:16:04,187 - INFO -    耗时: 0.869秒
2025-12-20 17:16:04,187 - INFO -    检测到瑕疵数: 0
2025-12-20 17:16:04,187 - INFO -    检测阈值: 0.9152
2025-12-20 17:16:05,055 - INFO -    耗时: 0.864秒
2025-12-20 17:16:05,055 - INFO -    检测到瑕疵数: 0
2025-12-20 17:16:05,055 - INFO -    检测阈值: 0.9581
2025-12-20 17:16:05,945 - INFO -    耗时: 0.887秒
2025-12-20 17:16:05,945 - INFO -    检测到瑕疵数: 0
2025-12-20 17:16:05,945 - INFO -    检测阈值: 1.0000
2025-12-20 17:16:06,775 - INFO -    耗时: 0.827秒
2025-12-20 17:16:06,775 - INFO -    检测到瑕疵数: 0
2025-12-20 17:16:06,775 - INFO -    检测阈值: 1.0000
2025-12-20 17:16:07,695 - INFO -    耗时: 0.913秒
2025-12-20 17:16:07,695 - INFO -    检测到瑕疵数: 0
2025-12-20 17:16:07,695 - INFO -    检测阈值: 0.9819
2025-12-20 17:16:08,536 - INFO -    耗时: 0.837秒
2025-12-20 17:16:08,536 - INFO -    检测到瑕疵数: 0
2025-12-20 17:16:08,536 - INFO -    检测阈值: 0.9086
2025-12-20 17:16:09,393 - INFO -    耗时: 0.854秒
2025-12-20 17:16:09,394 - INFO -    检测到瑕疵数: 0
2025-12-20 17:16:09,394 - INFO -    检测阈值: 0.9620
2025-12-20 17:16:10,226 - INFO -    耗时: 0.831秒
2025-12-20 17:16:10,226 - INFO -    检测到瑕疵数: 0
2025-12-20 17:16:10,226 - INFO -    检测阈值: 0.8801
2025-12-20 17:16:11,093 - INFO -    耗时: 0.864秒
2025-12-20 17:16:11,093 - INFO -    检测到瑕疵数: 1
2025-12-20 17:16:11,093 - INFO -    检测阈值: 0.7271
2025-12-20 17:16:11,093 - INFO -    瑕疵1: 污点, 面积3360像素, 位置(217, 188)
2025-12-20 17:16:11,918 - INFO -    耗时: 0.822秒
2025-12-20 17:16:11,918 - INFO -    检测到瑕疵数: 1
2025-12-20 17:16:11,918 - INFO -    检测阈值: 0.7143
2025-12-20 17:16:11,918 - INFO -    瑕疵1: 污点, 面积3359像素, 位置(195, 188)
2025-12-20 17:16:12,749 - INFO -    耗时: 0.828秒
2025-12-20 17:16:12,749 - INFO -    检测到瑕疵数: 1
2025-12-20 17:16:12,749 - INFO -    检测阈值: 0.7710
2025-12-20 17:16:12,749 - INFO -    瑕疵1: 污点, 面积3345像素, 位置(175, 189)
2025-12-20 17:16:13,570 - INFO -    耗时: 0.818秒
2025-12-20 17:16:13,570 - INFO -    检测到瑕疵数: 1
2025-12-20 17:16:13,571 - INFO -    检测阈值: 0.7406
2025-12-20 17:16:13,571 - INFO -    瑕疵1: 小瑕疵, 面积51像素, 位置(144, 200)
2025-12-20 17:16:14,406 - INFO -    耗时: 0.832秒
2025-12-20 17:16:14,406 - INFO -    检测到瑕疵数: 1
2025-12-20 17:16:14,407 - INFO -    检测阈值: 0.7586
2025-12-20 17:16:14,407 - INFO -    瑕疵1: 污点, 面积2297像素, 位置(133, 190)
2025-12-20 17:16:15,304 - INFO -    耗时: 0.894秒
2025-12-20 17:16:15,304 - INFO -    检测到瑕疵数: 1
2025-12-20 17:16:15,304 - INFO -    检测阈值: 0.7790
2025-12-20 17:16:15,304 - INFO -    瑕疵1: 污点, 面积789像素, 位置(112, 194)
2025-12-20 17:16:16,188 - INFO -    耗时: 0.881秒
2025-12-20 17:16:16,188 - INFO -    检测到瑕疵数: 1
2025-12-20 17:16:16,188 - INFO -    检测阈值: 0.7598
2025-12-20 17:16:16,188 - INFO -    瑕疵1: 污点, 面积2096像素, 位置(96, 191)
2025-12-20 17:16:17,035 - INFO -    耗时: 0.844秒
2025-12-20 17:16:17,035 - INFO -    检测到瑕疵数: 1
2025-12-20 17:16:17,035 - INFO -    检测阈值: 0.7701
2025-12-20 17:16:17,035 - INFO -    瑕疵1: 污点, 面积3278像素, 位置(80, 190)
2025-12-20 17:16:17,967 - INFO -    耗时: 0.928秒
2025-12-20 17:16:17,967 - INFO -    检测到瑕疵数: 1
2025-12-20 17:16:17,967 - INFO -    检测阈值: 0.7677
2025-12-20 17:16:17,967 - INFO -    瑕疵1: 污点, 面积5258像素, 位置(39, 190)
2025-12-20 17:16:18,856 - INFO -    耗时: 0.885秒
2025-12-20 17:16:18,856 - INFO -    检测到瑕疵数: 1
2025-12-20 17:16:18,856 - INFO -    检测阈值: 0.8067
2025-12-20 17:16:18,856 - INFO -    瑕疵1: 污点, 面积4961像素, 位置(28, 186)
2025-12-20 17:16:19,699 - INFO -    耗时: 0.839秒
2025-12-20 17:16:19,699 - INFO -    检测到瑕疵数: 1
2025-12-20 17:16:19,699 - INFO -    检测阈值: 0.8450
2025-12-20 17:16:19,699 - INFO -    瑕疵1: 污点, 面积2980像素, 位置(10, 194)
2025-12-20 17:16:20,528 - INFO -    耗时: 0.826秒
2025-12-20 17:16:20,529 - INFO -    检测到瑕疵数: 2
2025-12-20 17:16:20,529 - INFO -    检测阈值: 0.8022
2025-12-20 17:16:20,529 - INFO -    瑕疵1: 小瑕疵, 面积47像素, 位置(503, 335)
2025-12-20 17:16:20,529 - INFO -    瑕疵2: 污点, 面积1935像素, 位置(10, 190)
2025-12-20 17:16:21,394 - INFO -    耗时: 0.861秒
2025-12-20 17:16:21,394 - INFO -    检测到瑕疵数: 1
2025-12-20 17:16:21,395 - INFO -    检测阈值: 0.7608
2025-12-20 17:16:21,395 - INFO -    瑕疵1: 大瑕疵, 面积2426像素, 位置(8, 177)
2025-12-20 17:16:22,318 - INFO -    耗时: 0.921秒
2025-12-20 17:16:22,318 - INFO -    检测到瑕疵数: 0
2025-12-20 17:16:22,318 - INFO -    检测阈值: 0.8621
2025-12-20 17:16:23,153 - INFO -    耗时: 0.831秒
2025-12-20 17:16:23,153 - INFO -    检测到瑕疵数: 0
2025-12-20 17:16:23,153 - INFO -    检测阈值: 0.9323
2025-12-20 17:16:24,001 - INFO -    耗时: 0.846秒
2025-12-20 17:16:24,001 - INFO -    检测到瑕疵数: 0
2025-12-20 17:16:24,001 - INFO -    检测阈值: 0.8964
2025-12-20 17:16:24,853 - INFO -    耗时: 0.849秒
2025-12-20 17:16:24,854 - INFO -    检测到瑕疵数: 1
2025-12-20 17:16:24,854 - INFO -    检测阈值: 0.8383
2025-12-20 17:16:24,854 - INFO -    瑕疵1: 小瑕疵, 面积120像素, 位置(502, 399)
2025-12-20 17:16:25,674 - INFO -    耗时: 0.817秒
2025-12-20 17:16:25,674 - INFO -    检测到瑕疵数: 0
2025-12-20 17:16:25,675 - INFO -    检测阈值: 0.8292
2025-12-20 17:16:26,563 - INFO -    耗时: 0.886秒
2025-12-20 17:16:26,563 - INFO -    检测到瑕疵数: 1
2025-12-20 17:16:26,563 - INFO -    检测阈值: 0.8272
2025-12-20 17:16:26,563 - INFO -    瑕疵1: 大瑕疵, 面积585像素, 位置(503, 225)
2025-12-20 17:16:27,420 - INFO -    耗时: 0.854秒
2025-12-20 17:16:27,420 - INFO -    检测到瑕疵数: 0
2025-12-20 17:16:27,420 - INFO -    检测阈值: 0.9115
2025-12-20 17:16:28,269 - INFO -    耗时: 0.846秒
2025-12-20 17:16:28,269 - INFO -    检测到瑕疵数: 0
2025-12-20 17:16:28,270 - INFO -    检测阈值: 0.9201
2025-12-20 17:16:29,170 - INFO -    耗时: 0.898秒
2025-12-20 17:16:29,170 - INFO -    检测到瑕疵数: 0
2025-12-20 17:16:29,171 - INFO -    检测阈值: 0.9346
2025-12-20 17:16:30,033 - INFO -    耗时: 0.860秒
2025-12-20 17:16:30,033 - INFO -    检测到瑕疵数: 0
2025-12-20 17:16:30,033 - INFO -    检测阈值: 0.8848
2025-12-20 17:16:30,870 - INFO -    耗时: 0.834秒
2025-12-20 17:16:30,870 - INFO -    检测到瑕疵数: 0
2025-12-20 17:16:30,870 - INFO -    检测阈值: 0.8692
2025-12-20 17:16:31,842 - INFO -    耗时: 0.968秒
2025-12-20 17:16:31,842 - INFO -    检测到瑕疵数: 1
2025-12-20 17:16:31,842 - INFO -    检测阈值: 0.8051
2025-12-20 17:16:31,842 - INFO -    瑕疵1: 污点, 面积566像素, 位置(15, 105)
2025-12-20 17:16:32,655 - INFO -    耗时: 0.809秒
2025-12-20 17:16:32,655 - INFO -    检测到瑕疵数: 0
2025-12-20 17:16:32,655 - INFO -    检测阈值: 0.8654
2025-12-20 17:16:33,553 - INFO -    耗时: 0.895秒
2025-12-20 17:16:33,553 - INFO -    检测到瑕疵数: 1
2025-12-20 17:16:33,553 - INFO -    检测阈值: 0.8442
2025-12-20 17:16:33,553 - INFO -    瑕疵1: 污点, 面积423像素, 位置(12, 113)
2025-12-20 17:16:34,457 - INFO -    耗时: 0.901秒
2025-12-20 17:16:34,458 - INFO -    检测到瑕疵数: 2
2025-12-20 17:16:34,458 - INFO -    检测阈值: 0.7870
2025-12-20 17:16:34,458 - INFO -    瑕疵1: 小瑕疵, 面积93像素, 位置(7, 82)
2025-12-20 17:16:34,458 - INFO -    瑕疵2: 污点, 面积783像素, 位置(499, 19)
2025-12-20 17:16:35,311 - INFO -    耗时: 0.850秒
2025-12-20 17:16:35,311 - INFO -    检测到瑕疵数: 1
2025-12-20 17:16:35,312 - INFO -    检测阈值: 0.7349
2025-12-20 17:16:35,312 - INFO -    瑕疵1: 大瑕疵, 面积1666像素, 位置(503, 194)
2025-12-20 17:16:36,266 - INFO -    耗时: 0.952秒
2025-12-20 17:16:36,266 - INFO -    检测到瑕疵数: 1
2025-12-20 17:16:36,266 - INFO -    检测阈值: 0.8176
2025-12-20 17:16:36,267 - INFO -    瑕疵1: 大瑕疵, 面积654像素, 位置(503, 161)
2025-12-20 17:16:37,112 - INFO -    耗时: 0.842秒
2025-12-20 17:16:37,112 - INFO -    检测到瑕疵数: 1
2025-12-20 17:16:37,113 - INFO -    检测阈值: 0.8579
2025-12-20 17:16:37,113 - INFO -    瑕疵1: 污点, 面积992像素, 位置(499, 154)
2025-12-20 17:16:37,987 - INFO -    耗时: 0.871秒
2025-12-20 17:16:37,988 - INFO -    检测到瑕疵数: 0
2025-12-20 17:16:37,988 - INFO -    检测阈值: 0.8381
2025-12-20 17:16:38,828 - INFO -    耗时: 0.836秒
2025-12-20 17:16:38,828 - INFO -    检测到瑕疵数: 1
2025-12-20 17:16:38,828 - INFO -    检测阈值: 0.8504
2025-12-20 17:16:38,828 - INFO -    瑕疵1: 小瑕疵, 面积44像素, 位置(503, 240)
2025-12-20 17:16:39,659 - INFO -    耗时: 0.829秒
2025-12-20 17:16:39,659 - INFO -    检测到瑕疵数: 1
2025-12-20 17:16:39,659 - INFO -    检测阈值: 0.7464
2025-12-20 17:16:39,660 - INFO -    瑕疵1: 大瑕疵, 面积687像素, 位置(487, 239)
2025-12-20 17:16:40,562 - INFO -    耗时: 0.900秒
2025-12-20 17:16:40,562 - INFO -    检测到瑕疵数: 1
2025-12-20 17:16:40,563 - INFO -    检测阈值: 0.7382
2025-12-20 17:16:40,563 - INFO -    瑕疵1: 大瑕疵, 面积1952像素, 位置(474, 239)
2025-12-20 17:16:41,421 - INFO -    耗时: 0.854秒
2025-12-20 17:16:41,421 - INFO -    检测到瑕疵数: 1
2025-12-20 17:16:41,421 - INFO -    检测阈值: 0.7103
2025-12-20 17:16:41,421 - INFO -    瑕疵1: 污点, 面积1049像素, 位置(434, 234)
2025-12-20 17:16:42,290 - INFO -    耗时: 0.867秒
2025-12-20 17:16:42,290 - INFO -    检测到瑕疵数: 1
2025-12-20 17:16:42,291 - INFO -    检测阈值: 0.7303
2025-12-20 17:16:42,291 - INFO -    瑕疵1: 污点, 面积1251像素, 位置(420, 236)
2025-12-20 17:16:43,214 - INFO -    耗时: 0.920秒
2025-12-20 17:16:43,214 - INFO -    检测到瑕疵数: 1
2025-12-20 17:16:43,214 - INFO -    检测阈值: 0.7203
2025-12-20 17:16:43,215 - INFO -    瑕疵1: 污点, 面积1744像素, 位置(408, 233)
2025-12-20 17:16:44,066 - INFO -    耗时: 0.847秒
2025-12-20 17:16:44,066 - INFO -    检测到瑕疵数: 1
2025-12-20 17:16:44,067 - INFO -    检测阈值: 0.7095
2025-12-20 17:16:44,067 - INFO -    瑕疵1: 污点, 面积1787像素, 位置(382, 228)
2025-12-20 17:16:45,027 - INFO -    耗时: 0.958秒
2025-12-20 17:16:45,027 - INFO -    检测到瑕疵数: 1
2025-12-20 17:16:45,027 - INFO -    检测阈值: 0.6640
2025-12-20 17:16:45,028 - INFO -    瑕疵1: 污点, 面积2106像素, 位置(361, 233)
2025-12-20 17:16:45,905 - INFO -    耗时: 0.873秒
2025-12-20 17:16:45,906 - INFO -    检测到瑕疵数: 1
2025-12-20 17:16:45,906 - INFO -    检测阈值: 0.6581
2025-12-20 17:16:45,906 - INFO -    瑕疵1: 污点, 面积3104像素, 位置(346, 230)
2025-12-20 17:16:46,763 - INFO -    耗时: 0.854秒
2025-12-20 17:16:46,763 - INFO -    检测到瑕疵数: 1
2025-12-20 17:16:46,764 - INFO -    检测阈值: 0.7130
2025-12-20 17:16:46,764 - INFO -    瑕疵1: 污点, 面积2410像素, 位置(322, 229)
2025-12-20 17:16:47,664 - INFO -    耗时: 0.897秒
2025-12-20 17:16:47,664 - INFO -    检测到瑕疵数: 1
2025-12-20 17:16:47,664 - INFO -    检测阈值: 0.6662
2025-12-20 17:16:47,664 - INFO -    瑕疵1: 污点, 面积2078像素, 位置(303, 231)
2025-12-20 17:16:48,600 - INFO -    耗时: 0.932秒
2025-12-20 17:16:48,601 - INFO -    检测到瑕疵数: 1
2025-12-20 17:16:48,601 - INFO -    检测阈值: 0.6928
2025-12-20 17:16:48,601 - INFO -    瑕疵1: 污点, 面积983像素, 位置(286, 232)
2025-12-20 17:16:49,485 - INFO -    耗时: 0.879秒
2025-12-20 17:16:49,485 - INFO -    检测到瑕疵数: 1
2025-12-20 17:16:49,485 - INFO -    检测阈值: 0.6674
2025-12-20 17:16:49,486 - INFO -    瑕疵1: 污点, 面积2486像素, 位置(268, 231)
2025-12-20 17:16:50,355 - INFO -    耗时: 0.867秒
2025-12-20 17:16:50,355 - INFO -    检测到瑕疵数: 1
2025-12-20 17:16:50,355 - INFO -    检测阈值: 0.6395
2025-12-20 17:16:50,356 - INFO -    瑕疵1: 污点, 面积3750像素, 位置(245, 228)
2025-12-20 17:16:51,144 - INFO -    耗时: 0.784秒
2025-12-20 17:16:51,145 - INFO -    检测到瑕疵数: 1
2025-12-20 17:16:51,145 - INFO -    检测阈值: 0.6585
2025-12-20 17:16:51,145 - INFO -    瑕疵1: 污点, 面积3209像素, 位置(225, 230)
2025-12-20 17:16:52,056 - INFO -    耗时: 0.909秒
2025-12-20 17:16:52,056 - INFO -    检测到瑕疵数: 1
2025-12-20 17:16:52,056 - INFO -    检测阈值: 0.6473
2025-12-20 17:16:52,057 - INFO -    瑕疵1: 污点, 面积3029像素, 位置(209, 234)
2025-12-20 17:16:53,091 - INFO -    耗时: 1.031秒
2025-12-20 17:16:53,091 - INFO -    检测到瑕疵数: 1
2025-12-20 17:16:53,091 - INFO -    检测阈值: 0.6484
2025-12-20 17:16:53,092 - INFO -    瑕疵1: 污点, 面积2959像素, 位置(186, 227)
2025-12-20 17:16:54,008 - INFO -    耗时: 0.913秒
2025-12-20 17:16:54,008 - INFO -    检测到瑕疵数: 1
2025-12-20 17:16:54,008 - INFO -    检测阈值: 0.7006
2025-12-20 17:16:54,009 - INFO -    瑕疵1: 污点, 面积1887像素, 位置(164, 228)
2025-12-20 17:16:54,972 - INFO -    耗时: 0.961秒
2025-12-20 17:16:54,972 - INFO -    检测到瑕疵数: 1
2025-12-20 17:16:54,973 - INFO -    检测阈值: 0.6913
2025-12-20 17:16:54,973 - INFO -    瑕疵1: 污点, 面积2023像素, 位置(152, 230)
2025-12-20 17:16:55,916 - INFO -    耗时: 0.939秒
2025-12-20 17:16:55,917 - INFO -    检测到瑕疵数: 1
2025-12-20 17:16:55,917 - INFO -    检测阈值: 0.6787
2025-12-20 17:16:55,917 - INFO -    瑕疵1: 污点, 面积2952像素, 位置(129, 231)
2025-12-20 17:16:56,881 - INFO -    耗时: 0.961秒
2025-12-20 17:16:56,881 - INFO -    检测到瑕疵数: 1
2025-12-20 17:16:56,881 - INFO -    检测阈值: 0.6778
2025-12-20 17:16:56,882 - INFO -    瑕疵1: 污点, 面积2202像素, 位置(110, 235)
2025-12-20 17:16:57,756 - INFO -    耗时: 0.872秒
2025-12-20 17:16:57,756 - INFO -    检测到瑕疵数: 1
2025-12-20 17:16:57,756 - INFO -    检测阈值: 0.6995
2025-12-20 17:16:57,756 - INFO -    瑕疵1: 污点, 面积2517像素, 位置(89, 229)
2025-12-20 17:16:58,578 - INFO -    耗时: 0.820秒
2025-12-20 17:16:58,578 - INFO -    检测到瑕疵数: 1
2025-12-20 17:16:58,579 - INFO -    检测阈值: 0.6839
2025-12-20 17:16:58,579 - INFO -    瑕疵1: 污点, 面积4356像素, 位置(63, 238)
2025-12-20 17:16:59,459 - INFO -    耗时: 0.878秒
2025-12-20 17:16:59,459 - INFO -    检测到瑕疵数: 1
2025-12-20 17:16:59,459 - INFO -    检测阈值: 0.7008
2025-12-20 17:16:59,460 - INFO -    瑕疵1: 污点, 面积5211像素, 位置(35, 237)
2025-12-20 17:17:00,280 - INFO -    耗时: 0.819秒
2025-12-20 17:17:00,280 - INFO -    检测到瑕疵数: 1
2025-12-20 17:17:00,280 - INFO -    检测阈值: 0.7311
2025-12-20 17:17:00,282 - INFO -    瑕疵1: 污点, 面积3661像素, 位置(17, 232)
2025-12-20 17:17:01,210 - INFO -    耗时: 0.927秒
2025-12-20 17:17:01,210 - INFO -    检测到瑕疵数: 1
2025-12-20 17:17:01,211 - INFO -    检测阈值: 0.6941
2025-12-20 17:17:01,211 - INFO -    瑕疵1: 污点, 面积3977像素, 位置(13, 239)
2025-12-20 17:17:02,066 - INFO -    耗时: 0.851秒
2025-12-20 17:17:02,066 - INFO -    检测到瑕疵数: 2
2025-12-20 17:17:02,066 - INFO -    检测阈值: 0.7797
2025-12-20 17:17:02,066 - INFO -    瑕疵1: 污点, 面积586像素, 位置(8, 422)
2025-12-20 17:17:02,067 - INFO -    瑕疵2: 污点, 面积1528像素, 位置(8, 245)
2025-12-20 17:17:02,937 - INFO -    耗时: 0.868秒
2025-12-20 17:17:02,937 - INFO -    检测到瑕疵数: 0
2025-12-20 17:17:02,937 - INFO -    检测阈值: 0.8672
2025-12-20 17:17:03,830 - INFO -    耗时: 0.890秒
2025-12-20 17:17:03,830 - INFO -    检测到瑕疵数: 0
2025-12-20 17:17:03,830 - INFO -    检测阈值: 0.7266
2025-12-20 17:17:04,656 - INFO -    耗时: 0.823秒
2025-12-20 17:17:04,656 - INFO -    检测到瑕疵数: 0
2025-12-20 17:17:04,656 - INFO -    检测阈值: 0.8518
2025-12-20 17:17:05,668 - INFO -    耗时: 1.009秒
2025-12-20 17:17:05,668 - INFO -    检测到瑕疵数: 0
2025-12-20 17:17:05,668 - INFO -    检测阈值: 0.7967
2025-12-20 17:17:06,547 - INFO -    耗时: 0.876秒
2025-12-20 17:17:06,547 - INFO -    检测到瑕疵数: 1
2025-12-20 17:17:06,548 - INFO -    检测阈值: 0.6993
2025-12-20 17:17:06,548 - INFO -    瑕疵1: 大瑕疵, 面积297像素, 位置(431, 415)
2025-12-20 17:17:07,397 - INFO -    耗时: 0.845秒
2025-12-20 17:17:07,397 - INFO -    检测到瑕疵数: 0
2025-12-20 17:17:07,397 - INFO -    检测阈值: 0.8231
2025-12-20 17:17:08,377 - INFO -    耗时: 0.978秒
2025-12-20 17:17:08,378 - INFO -    检测到瑕疵数: 0
2025-12-20 17:17:08,378 - INFO -    检测阈值: 0.7669
2025-12-20 17:17:09,271 - INFO -    耗时: 0.888秒
2025-12-20 17:17:09,271 - INFO -    检测到瑕疵数: 1
2025-12-20 17:17:09,271 - INFO -    检测阈值: 0.6966
2025-12-20 17:17:09,271 - INFO -    瑕疵1: 大瑕疵, 面积316像素, 位置(368, 414)
2025-12-20 17:17:10,105 - INFO -    耗时: 0.831秒
2025-12-20 17:17:10,105 - INFO -    检测到瑕疵数: 1
2025-12-20 17:17:10,105 - INFO -    检测阈值: 0.7431
2025-12-20 17:17:10,105 - INFO -    瑕疵1: 小瑕疵, 面积38像素, 位置(366, 404)
2025-12-20 17:17:10,976 - INFO -    耗时: 0.868秒
2025-12-20 17:17:10,976 - INFO -    检测到瑕疵数: 1
2025-12-20 17:17:10,976 - INFO -    检测阈值: 0.7085
2025-12-20 17:17:10,976 - INFO -    瑕疵1: 污点, 面积679像素, 位置(335, 414)
2025-12-20 17:17:11,856 - INFO -    耗时: 0.877秒
2025-12-20 17:17:11,856 - INFO -    检测到瑕疵数: 1
2025-12-20 17:17:11,857 - INFO -    检测阈值: 0.8658
2025-12-20 17:17:11,857 - INFO -    瑕疵1: 污点, 面积476像素, 位置(501, 111)
2025-12-20 17:17:12,675 - INFO -    耗时: 0.815秒
2025-12-20 17:17:12,675 - INFO -    检测到瑕疵数: 0
2025-12-20 17:17:12,675 - INFO -    检测阈值: 0.8428
2025-12-20 17:17:13,646 - INFO -    耗时: 0.969秒
2025-12-20 17:17:13,646 - INFO -    检测到瑕疵数: 0
2025-12-20 17:17:13,646 - INFO -    检测阈值: 0.7622
2025-12-20 17:17:14,501 - INFO -    耗时: 0.852秒
2025-12-20 17:17:14,501 - INFO -    检测到瑕疵数: 0
2025-12-20 17:17:14,501 - INFO -    检测阈值: 0.8794
2025-12-20 17:17:15,351 - INFO -    耗时: 0.848秒
2025-12-20 17:17:15,351 - INFO -    检测到瑕疵数: 1
2025-12-20 17:17:15,351 - INFO -    检测阈值: 0.8450
2025-12-20 17:17:15,351 - INFO -    瑕疵1: 污点, 面积1937像素, 位置(502, 347)
2025-12-20 17:17:16,276 - INFO -    耗时: 0.922秒
2025-12-20 17:17:16,276 - INFO -    检测到瑕疵数: 1
2025-12-20 17:17:16,276 - INFO -    检测阈值: 0.7495
2025-12-20 17:17:16,276 - INFO -    瑕疵1: 污点, 面积2091像素, 位置(503, 332)
2025-12-20 17:17:17,098 - INFO -    耗时: 0.818秒
2025-12-20 17:17:17,098 - INFO -    检测到瑕疵数: 1
2025-12-20 17:17:17,099 - INFO -    检测阈值: 0.7805
2025-12-20 17:17:17,099 - INFO -    瑕疵1: 污点, 面积2805像素, 位置(503, 339)
2025-12-20 17:17:17,946 - INFO -    耗时: 0.845秒
2025-12-20 17:17:17,946 - INFO -    检测到瑕疵数: 1
2025-12-20 17:17:17,947 - INFO -    检测阈值: 0.8456
2025-12-20 17:17:17,947 - INFO -    瑕疵1: 小瑕疵, 面积182像素, 位置(499, 176)
2025-12-20 17:17:18,820 - INFO -    耗时: 0.870秒
2025-12-20 17:17:18,820 - INFO -    检测到瑕疵数: 0
2025-12-20 17:17:18,821 - INFO -    检测阈值: 0.8940
2025-12-20 17:17:19,614 - INFO -    耗时: 0.790秒
2025-12-20 17:17:19,614 - INFO -    检测到瑕疵数: 0
2025-12-20 17:17:19,614 - INFO -    检测阈值: 0.8953
2025-12-20 17:17:20,556 - INFO -    耗时: 0.939秒
2025-12-20 17:17:20,556 - INFO -    检测到瑕疵数: 0
2025-12-20 17:17:20,556 - INFO -    检测阈值: 0.9089
2025-12-20 17:17:21,429 - INFO -    耗时: 0.871秒
2025-12-20 17:17:21,430 - INFO -    检测到瑕疵数: 1
2025-12-20 17:17:21,430 - INFO -    检测阈值: 0.7385
2025-12-20 17:17:21,430 - INFO -    瑕疵1: 污点, 面积1289像素, 位置(12, 248)
2025-12-20 17:17:22,274 - INFO -    耗时: 0.841秒
2025-12-20 17:17:22,274 - INFO -    检测到瑕疵数: 0
2025-12-20 17:17:22,274 - INFO -    检测阈值: 0.9056
2025-12-20 17:17:23,135 - INFO -    耗时: 0.859秒
2025-12-20 17:17:23,136 - INFO -    检测到瑕疵数: 0
2025-12-20 17:17:23,136 - INFO -    检测阈值: 0.8080
2025-12-20 17:17:23,935 - INFO -    耗时: 0.797秒
2025-12-20 17:17:23,935 - INFO -    检测到瑕疵数: 0
2025-12-20 17:17:23,935 - INFO -    检测阈值: 0.7551
2025-12-20 17:17:24,837 - INFO -    耗时: 0.900秒
2025-12-20 17:17:24,837 - INFO -    检测到瑕疵数: 1
2025-12-20 17:17:24,838 - INFO -    检测阈值: 0.8259
2025-12-20 17:17:24,838 - INFO -    瑕疵1: 污点, 面积980像素, 位置(10, 415)
2025-12-20 17:17:25,699 - INFO -    耗时: 0.858秒
2025-12-20 17:17:25,699 - INFO -    检测到瑕疵数: 1
2025-12-20 17:17:25,699 - INFO -    检测阈值: 0.7481
2025-12-20 17:17:25,700 - INFO -    瑕疵1: 污点, 面积614像素, 位置(8, 417)
2025-12-20 17:17:26,521 - INFO -    耗时: 0.819秒
2025-12-20 17:17:26,521 - INFO -    检测到瑕疵数: 0
2025-12-20 17:17:26,522 - INFO -    检测阈值: 0.8377
2025-12-20 17:17:27,416 - INFO -    耗时: 0.892秒
2025-12-20 17:17:27,416 - INFO -    检测到瑕疵数: 0
2025-12-20 17:17:27,416 - INFO -    检测阈值: 0.9068
2025-12-20 17:17:28,300 - INFO -    耗时: 0.880秒
2025-12-20 17:17:28,301 - INFO -    检测到瑕疵数: 0
2025-12-20 17:17:28,301 - INFO -    检测阈值: 0.8425
2025-12-20 17:17:29,187 - INFO -    耗时: 0.882秒
2025-12-20 17:17:29,188 - INFO -    检测到瑕疵数: 1
2025-12-20 17:17:29,188 - INFO -    检测阈值: 0.7851
2025-12-20 17:17:29,188 - INFO -    瑕疵1: 大瑕疵, 面积905像素, 位置(476, 114)
2025-12-20 17:17:30,049 - INFO -    耗时: 0.858秒
2025-12-20 17:17:30,049 - INFO -    检测到瑕疵数: 0
2025-12-20 17:17:30,049 - INFO -    检测阈值: 0.8214
2025-12-20 17:17:30,855 - INFO -    耗时: 0.803秒
2025-12-20 17:17:30,855 - INFO -    检测到瑕疵数: 0
2025-12-20 17:17:30,855 - INFO -    检测阈值: 0.8937
2025-12-20 17:17:31,765 - INFO -    耗时: 0.908秒
2025-12-20 17:17:31,766 - INFO -    检测到瑕疵数: 0
2025-12-20 17:17:31,766 - INFO -    检测阈值: 0.9143
2025-12-20 17:17:32,649 - INFO -    耗时: 0.880秒
2025-12-20 17:17:32,649 - INFO -    检测到瑕疵数: 0
2025-12-20 17:17:32,649 - INFO -    检测阈值: 0.9902
2025-12-20 17:17:33,503 - INFO -    耗时: 0.851秒
2025-12-20 17:17:33,503 - INFO -    检测到瑕疵数: 0
2025-12-20 17:17:33,503 - INFO -    检测阈值: 0.9496
2025-12-20 17:17:34,374 - INFO -    耗时: 0.868秒
2025-12-20 17:17:34,374 - INFO -    检测到瑕疵数: 0
2025-12-20 17:17:34,374 - INFO -    检测阈值: 1.0000
2025-12-20 17:17:35,187 - INFO -    耗时: 0.810秒
2025-12-20 17:17:35,188 - INFO -    检测到瑕疵数: 0
2025-12-20 17:17:35,188 - INFO -    检测阈值: 1.0000
2025-12-20 17:17:36,161 - INFO -    耗时: 0.970秒
2025-12-20 17:17:36,161 - INFO -    检测到瑕疵数: 0
2025-12-20 17:17:36,161 - INFO -    检测阈值: 0.9533
2025-12-20 17:17:36,995 - INFO -    耗时: 0.831秒
2025-12-20 17:17:36,995 - INFO -    检测到瑕疵数: 0
2025-12-20 17:17:36,995 - INFO -    检测阈值: 0.9063
2025-12-20 17:17:37,848 - INFO -    耗时: 0.848秒
2025-12-20 17:17:37,848 - INFO -    检测到瑕疵数: 0
2025-12-20 17:17:37,848 - INFO -    检测阈值: 0.9396
2025-12-20 17:17:38,664 - INFO -    耗时: 0.814秒
2025-12-20 17:17:38,664 - INFO -    检测到瑕疵数: 0
2025-12-20 17:17:38,664 - INFO -    检测阈值: 0.9169
2025-12-20 17:17:39,512 - INFO -    耗时: 0.846秒
2025-12-20 17:17:39,512 - INFO -    检测到瑕疵数: 0
2025-12-20 17:17:39,513 - INFO -    检测阈值: 0.8763
2025-12-20 17:17:40,440 - INFO -    耗时: 0.925秒
2025-12-20 17:17:40,440 - INFO -    检测到瑕疵数: 0
2025-12-20 17:17:40,440 - INFO -    检测阈值: 0.9152
2025-12-20 17:17:41,309 - INFO -    耗时: 0.866秒
2025-12-20 17:17:41,309 - INFO -    检测到瑕疵数: 0
2025-12-20 17:17:41,309 - INFO -    检测阈值: 0.9360
2025-12-20 17:17:42,119 - INFO -    耗时: 0.806秒
2025-12-20 17:17:42,119 - INFO -    检测到瑕疵数: 0
2025-12-20 17:17:42,120 - INFO -    检测阈值: 0.8376
2025-12-20 17:17:43,019 - INFO -    耗时: 0.898秒
2025-12-20 17:17:43,019 - INFO -    检测到瑕疵数: 0
2025-12-20 17:17:43,021 - INFO -    检测阈值: 0.9019
2025-12-20 17:17:43,954 - INFO -    耗时: 0.922秒
2025-12-20 17:17:43,954 - INFO -    检测到瑕疵数: 0
2025-12-20 17:17:43,954 - INFO -    检测阈值: 0.9663
2025-12-20 17:17:44,807 - INFO -    耗时: 0.846秒
2025-12-20 17:17:44,808 - INFO -    检测到瑕疵数: 0
2025-12-20 17:17:44,808 - INFO -    检测阈值: 0.8745
2025-12-20 17:17:45,628 - INFO -    耗时: 0.818秒
2025-12-20 17:17:45,628 - INFO -    检测到瑕疵数: 0
2025-12-20 17:17:45,628 - INFO -    检测阈值: 0.9079
2025-12-20 17:17:46,445 - INFO -    耗时: 0.814秒
2025-12-20 17:17:46,446 - INFO -    检测到瑕疵数: 0
2025-12-20 17:17:46,446 - INFO -    检测阈值: 0.8403
2025-12-20 17:17:47,293 - INFO -    耗时: 0.844秒
2025-12-20 17:17:47,294 - INFO -    检测到瑕疵数: 0
2025-12-20 17:17:47,294 - INFO -    检测阈值: 0.8701
2025-12-20 17:17:48,143 - INFO -    耗时: 0.841秒
2025-12-20 17:17:48,143 - INFO -    检测到瑕疵数: 0
2025-12-20 17:17:48,144 - INFO -    检测阈值: 0.8936
2025-12-20 17:17:49,002 - INFO -    耗时: 0.855秒
2025-12-20 17:17:49,002 - INFO -    检测到瑕疵数: 0
2025-12-20 17:17:49,002 - INFO -    检测阈值: 0.8781
2025-12-20 17:17:49,934 - INFO -    耗时: 0.929秒
2025-12-20 17:17:49,934 - INFO -    检测到瑕疵数: 0
2025-12-20 17:17:49,934 - INFO -    检测阈值: 0.9159
2025-12-20 17:17:50,759 - INFO -    耗时: 0.822秒
2025-12-20 17:17:50,760 - INFO -    检测到瑕疵数: 0
2025-12-20 17:17:50,760 - INFO -    检测阈值: 0.9157
2025-12-20 17:17:51,647 - INFO -    耗时: 0.883秒
2025-12-20 17:17:51,647 - INFO -    检测到瑕疵数: 1
2025-12-20 17:17:51,647 - INFO -    检测阈值: 0.8410
2025-12-20 17:17:51,647 - INFO -    瑕疵1: 小瑕疵, 面积121像素, 位置(106, 111)
2025-12-20 17:17:52,461 - INFO -    耗时: 0.812秒
2025-12-20 17:17:52,462 - INFO -    检测到瑕疵数: 0
2025-12-20 17:17:52,462 - INFO -    检测阈值: 0.7510
2025-12-20 17:17:53,317 - INFO -    耗时: 0.851秒
2025-12-20 17:17:53,317 - INFO -    检测到瑕疵数: 1
2025-12-20 17:17:53,317 - INFO -    检测阈值: 0.7548
2025-12-20 17:17:53,317 - INFO -    瑕疵1: 大瑕疵, 面积1121像素, 位置(63, 108)
2025-12-20 17:17:54,248 - INFO -    耗时: 0.928秒
2025-12-20 17:17:54,248 - INFO -    检测到瑕疵数: 1
2025-12-20 17:17:54,249 - INFO -    检测阈值: 0.8134
2025-12-20 17:17:54,249 - INFO -    瑕疵1: 大瑕疵, 面积1415像素, 位置(27, 103)
2025-12-20 17:17:55,078 - INFO -    耗时: 0.825秒
2025-12-20 17:17:55,078 - INFO -    检测到瑕疵数: 1
2025-12-20 17:17:55,078 - INFO -    检测阈值: 0.7856
2025-12-20 17:17:55,078 - INFO -    瑕疵1: 污点, 面积2181像素, 位置(22, 101)
2025-12-20 17:17:55,940 - INFO -    耗时: 0.859秒
2025-12-20 17:17:55,940 - INFO -    检测到瑕疵数: 1
2025-12-20 17:17:55,941 - INFO -    检测阈值: 0.7918
2025-12-20 17:17:55,941 - INFO -    瑕疵1: 污点, 面积1397像素, 位置(15, 92)
2025-12-20 17:17:56,786 - INFO -    耗时: 0.843秒
2025-12-20 17:17:56,787 - INFO -    检测到瑕疵数: 1
2025-12-20 17:17:56,787 - INFO -    检测阈值: 0.8134
2025-12-20 17:17:56,787 - INFO -    瑕疵1: 大瑕疵, 面积690像素, 位置(503, 162)
2025-12-20 17:17:57,653 - INFO -    耗时: 0.863秒
2025-12-20 17:17:57,653 - INFO -    检测到瑕疵数: 1
2025-12-20 17:17:57,653 - INFO -    检测阈值: 0.7445
2025-12-20 17:17:57,653 - INFO -    瑕疵1: 污点, 面积2925像素, 位置(503, 167)
2025-12-20 17:17:58,580 - INFO -    耗时: 0.924秒
2025-12-20 17:17:58,580 - INFO -    检测到瑕疵数: 1
2025-12-20 17:17:58,580 - INFO -    检测阈值: 0.6936
2025-12-20 17:17:58,580 - INFO -    瑕疵1: 大瑕疵, 面积2658像素, 位置(503, 178)
2025-12-20 17:17:59,418 - INFO -    耗时: 0.836秒
2025-12-20 17:17:59,418 - INFO -    检测到瑕疵数: 0
2025-12-20 17:17:59,418 - INFO -    检测阈值: 0.9013
2025-12-20 17:18:00,270 - INFO -    耗时: 0.848秒
2025-12-20 17:18:00,270 - INFO -    检测到瑕疵数: 0
2025-12-20 17:18:00,271 - INFO -    检测阈值: 0.9040
2025-12-20 17:18:01,223 - INFO -    耗时: 0.950秒
2025-12-20 17:18:01,223 - INFO -    检测到瑕疵数: 0
2025-12-20 17:18:01,224 - INFO -    检测阈值: 0.8902
2025-12-20 17:18:02,090 - INFO -    耗时: 0.863秒
2025-12-20 17:18:02,090 - INFO -    检测到瑕疵数: 0
2025-12-20 17:18:02,090 - INFO -    检测阈值: 0.8727
2025-12-20 17:18:02,917 - INFO -    耗时: 0.824秒
2025-12-20 17:18:02,917 - INFO -    检测到瑕疵数: 0
2025-12-20 17:18:02,918 - INFO -    检测阈值: 0.8702
2025-12-20 17:18:04,044 - INFO -    耗时: 1.121秒
2025-12-20 17:18:04,044 - INFO -    检测到瑕疵数: 0
2025-12-20 17:18:04,044 - INFO -    检测阈值: 0.8984
2025-12-20 17:18:04,948 - INFO -    耗时: 0.895秒
2025-12-20 17:18:04,948 - INFO -    检测到瑕疵数: 0
2025-12-20 17:18:04,949 - INFO -    检测阈值: 0.8597
2025-12-20 17:18:05,861 - INFO -    耗时: 0.910秒
2025-12-20 17:18:05,862 - INFO -    检测到瑕疵数: 0
2025-12-20 17:18:05,862 - INFO -    检测阈值: 0.8772
2025-12-20 17:18:06,736 - INFO -    耗时: 0.870秒
2025-12-20 17:18:06,736 - INFO -    检测到瑕疵数: 0
2025-12-20 17:18:06,736 - INFO -    检测阈值: 0.8728
2025-12-20 17:18:07,650 - INFO -    耗时: 0.911秒
2025-12-20 17:18:07,650 - INFO -    检测到瑕疵数: 0
2025-12-20 17:18:07,651 - INFO -    检测阈值: 0.8158
2025-12-20 17:18:08,690 - INFO -    耗时: 1.037秒
2025-12-20 17:18:08,690 - INFO -    检测到瑕疵数: 0
2025-12-20 17:18:08,691 - INFO -    检测阈值: 0.8806
2025-12-20 17:18:09,691 - INFO -    耗时: 0.997秒
2025-12-20 17:18:09,691 - INFO -    检测到瑕疵数: 0
2025-12-20 17:18:09,691 - INFO -    检测阈值: 0.8697
2025-12-20 17:18:10,552 - INFO -    耗时: 0.859秒
2025-12-20 17:18:10,553 - INFO -    检测到瑕疵数: 0
2025-12-20 17:18:10,553 - INFO -    检测阈值: 0.8485
2025-12-20 17:18:11,526 - INFO -    耗时: 0.970秒
2025-12-20 17:18:11,526 - INFO -    检测到瑕疵数: 0
2025-12-20 17:18:11,526 - INFO -    检测阈值: 0.8592
2025-12-20 17:18:12,479 - INFO -    耗时: 0.950秒
2025-12-20 17:18:12,479 - INFO -    检测到瑕疵数: 0
2025-12-20 17:18:12,479 - INFO -    检测阈值: 0.8976
2025-12-20 17:18:13,348 - INFO -    耗时: 0.865秒
2025-12-20 17:18:13,349 - INFO -    检测到瑕疵数: 1
2025-12-20 17:18:13,349 - INFO -    检测阈值: 0.8497
2025-12-20 17:18:13,349 - INFO -    瑕疵1: 污点, 面积1378像素, 位置(220, 191)
2025-12-20 17:18:14,224 - INFO -    耗时: 0.872秒
2025-12-20 17:18:14,224 - INFO -    检测到瑕疵数: 1
2025-12-20 17:18:14,224 - INFO -    检测阈值: 0.8110
2025-12-20 17:18:14,225 - INFO -    瑕疵1: 污点, 面积1883像素, 位置(203, 192)
2025-12-20 17:18:15,075 - INFO -    耗时: 0.848秒
2025-12-20 17:18:15,075 - INFO -    检测到瑕疵数: 1
2025-12-20 17:18:15,075 - INFO -    检测阈值: 0.7489
2025-12-20 17:18:15,075 - INFO -    瑕疵1: 大瑕疵, 面积2313像素, 位置(503, 146)
2025-12-20 17:18:15,961 - INFO -    耗时: 0.882秒
2025-12-20 17:18:15,961 - INFO -    检测到瑕疵数: 1
2025-12-20 17:18:15,961 - INFO -    检测阈值: 0.8427
2025-12-20 17:18:15,962 - INFO -    瑕疵1: 大瑕疵, 面积3723像素, 位置(503, 173)
2025-12-20 17:18:16,797 - INFO -    耗时: 0.833秒
2025-12-20 17:18:16,797 - INFO -    检测到瑕疵数: 0
2025-12-20 17:18:16,797 - INFO -    检测阈值: 0.8969
2025-12-20 17:18:17,660 - INFO -    耗时: 0.860秒
2025-12-20 17:18:17,660 - INFO -    检测到瑕疵数: 0
2025-12-20 17:18:17,660 - INFO -    检测阈值: 0.8666
2025-12-20 17:18:18,487 - INFO -    耗时: 0.825秒
2025-12-20 17:18:18,487 - INFO -    检测到瑕疵数: 0
2025-12-20 17:18:18,487 - INFO -    检测阈值: 0.8584
2025-12-20 17:18:19,327 - INFO -    耗时: 0.836秒
2025-12-20 17:18:19,327 - INFO -    检测到瑕疵数: 1
2025-12-20 17:18:19,327 - INFO -    检测阈值: 0.8458
2025-12-20 17:18:19,327 - INFO -    瑕疵1: 小瑕疵, 面积34像素, 位置(80, 205)
2025-12-20 17:18:20,172 - INFO -    耗时: 0.841秒
2025-12-20 17:18:20,172 - INFO -    检测到瑕疵数: 1
2025-12-20 17:18:20,172 - INFO -    检测阈值: 0.8123
2025-12-20 17:18:20,172 - INFO -    瑕疵1: 大瑕疵, 面积2859像素, 位置(44, 190)
2025-12-20 17:18:21,075 - INFO -    耗时: 0.900秒
2025-12-20 17:18:21,076 - INFO -    检测到瑕疵数: 1
2025-12-20 17:18:21,076 - INFO -    检测阈值: 0.9082
2025-12-20 17:18:21,076 - INFO -    瑕疵1: 大瑕疵, 面积1011像素, 位置(25, 192)
2025-12-20 17:18:21,900 - INFO -    耗时: 0.822秒
2025-12-20 17:18:21,900 - INFO -    检测到瑕疵数: 0
2025-12-20 17:18:21,900 - INFO -    检测阈值: 0.9227
2025-12-20 17:18:22,726 - INFO -    耗时: 0.822秒
2025-12-20 17:18:22,726 - INFO -    检测到瑕疵数: 1
2025-12-20 17:18:22,726 - INFO -    检测阈值: 0.8203
2025-12-20 17:18:22,726 - INFO -    瑕疵1: 污点, 面积1166像素, 位置(7, 200)
2025-12-20 17:18:23,560 - INFO -    耗时: 0.831秒
2025-12-20 17:18:23,561 - INFO -    检测到瑕疵数: 1
2025-12-20 17:18:23,561 - INFO -    检测阈值: 0.7189
2025-12-20 17:18:23,561 - INFO -    瑕疵1: 大瑕疵, 面积1829像素, 位置(8, 205)
2025-12-20 17:18:24,373 - INFO -    耗时: 0.810秒
2025-12-20 17:18:24,373 - INFO -    检测到瑕疵数: 0
2025-12-20 17:18:24,374 - INFO -    检测阈值: 0.9252
2025-12-20 17:18:25,170 - INFO -    耗时: 0.794秒
2025-12-20 17:18:25,170 - INFO -    检测到瑕疵数: 1
2025-12-20 17:18:25,170 - INFO -    检测阈值: 0.7911
2025-12-20 17:18:25,170 - INFO -    瑕疵1: 小瑕疵, 面积74像素, 位置(7, 207)
2025-12-20 17:18:26,057 - INFO -    耗时: 0.884秒
2025-12-20 17:18:26,058 - INFO -    检测到瑕疵数: 1
2025-12-20 17:18:26,058 - INFO -    检测阈值: 0.7291
2025-12-20 17:18:26,058 - INFO -    瑕疵1: 污点, 面积1321像素, 位置(503, 419)
2025-12-20 17:18:26,873 - INFO -    耗时: 0.812秒
2025-12-20 17:18:26,873 - INFO -    检测到瑕疵数: 0
2025-12-20 17:18:26,873 - INFO -    检测阈值: 0.8923
2025-12-20 17:18:27,718 - INFO -    耗时: 0.842秒
2025-12-20 17:18:27,718 - INFO -    检测到瑕疵数: 1
2025-12-20 17:18:27,718 - INFO -    检测阈值: 0.8125
2025-12-20 17:18:27,718 - INFO -    瑕疵1: 大瑕疵, 面积3188像素, 位置(7, 155)
2025-12-20 17:18:28,559 - INFO -    耗时: 0.838秒
2025-12-20 17:18:28,559 - INFO -    检测到瑕疵数: 0
2025-12-20 17:18:28,560 - INFO -    检测阈值: 0.9009
2025-12-20 17:18:29,383 - INFO -    耗时: 0.821秒
2025-12-20 17:18:29,384 - INFO -    检测到瑕疵数: 0
2025-12-20 17:18:29,384 - INFO -    检测阈值: 0.7840
2025-12-20 17:18:30,345 - INFO -    耗时: 0.959秒
2025-12-20 17:18:30,345 - INFO -    检测到瑕疵数: 0
2025-12-20 17:18:30,345 - INFO -    检测阈值: 0.8566
2025-12-20 17:18:31,156 - INFO -    耗时: 0.808秒
2025-12-20 17:18:31,156 - INFO -    检测到瑕疵数: 1
2025-12-20 17:18:31,156 - INFO -    检测阈值: 0.8442
2025-12-20 17:18:31,156 - INFO -    瑕疵1: 大瑕疵, 面积860像素, 位置(17, 155)
2025-12-20 17:18:31,963 - INFO -    耗时: 0.804秒
2025-12-20 17:18:31,963 - INFO -    检测到瑕疵数: 0
2025-12-20 17:18:31,963 - INFO -    检测阈值: 0.9442
2025-12-20 17:18:32,769 - INFO -    耗时: 0.804秒
2025-12-20 17:18:32,770 - INFO -    检测到瑕疵数: 1
2025-12-20 17:18:32,770 - INFO -    检测阈值: 0.8048
2025-12-20 17:18:32,770 - INFO -    瑕疵1: 大瑕疵, 面积244像素, 位置(83, 139)
2025-12-20 17:18:33,603 - INFO -    耗时: 0.831秒
2025-12-20 17:18:33,603 - INFO -    检测到瑕疵数: 0
2025-12-20 17:18:33,603 - INFO -    检测阈值: 0.8578
2025-12-20 17:18:34,443 - INFO -    耗时: 0.836秒
2025-12-20 17:18:34,443 - INFO -    检测到瑕疵数: 0
2025-12-20 17:18:34,443 - INFO -    检测阈值: 0.8311
2025-12-20 17:18:35,358 - INFO -    耗时: 0.911秒
2025-12-20 17:18:35,358 - INFO -    检测到瑕疵数: 1
2025-12-20 17:18:35,358 - INFO -    检测阈值: 0.7538
2025-12-20 17:18:35,358 - INFO -    瑕疵1: 污点, 面积2331像素, 位置(16, 134)
2025-12-20 17:18:36,171 - INFO -    耗时: 0.810秒
2025-12-20 17:18:36,171 - INFO -    检测到瑕疵数: 0
2025-12-20 17:18:36,171 - INFO -    检测阈值: 0.8528
2025-12-20 17:18:37,016 - INFO -    耗时: 0.844秒
2025-12-20 17:18:37,016 - INFO -    检测到瑕疵数: 0
2025-12-20 17:18:37,016 - INFO -    检测阈值: 0.9447
2025-12-20 17:18:37,854 - INFO -    耗时: 0.835秒
2025-12-20 17:18:37,854 - INFO -    检测到瑕疵数: 1
2025-12-20 17:18:37,854 - INFO -    检测阈值: 0.8133
2025-12-20 17:18:37,854 - INFO -    瑕疵1: 污点, 面积347像素, 位置(501, 303)
2025-12-20 17:18:38,703 - INFO -    耗时: 0.845秒
2025-12-20 17:18:38,703 - INFO -    检测到瑕疵数: 0
2025-12-20 17:18:38,703 - INFO -    检测阈值: 0.7886
2025-12-20 17:18:39,541 - INFO -    耗时: 0.836秒
2025-12-20 17:18:39,541 - INFO -    检测到瑕疵数: 0
2025-12-20 17:18:39,541 - INFO -    检测阈值: 0.7742
2025-12-20 17:18:40,375 - INFO -    耗时: 0.832秒
2025-12-20 17:18:40,375 - INFO -    检测到瑕疵数: 0
2025-12-20 17:18:40,376 - INFO -    检测阈值: 0.7578
2025-12-20 17:18:41,202 - INFO -    耗时: 0.824秒
2025-12-20 17:18:41,203 - INFO -    检测到瑕疵数: 1
2025-12-20 17:18:41,203 - INFO -    检测阈值: 0.7644
2025-12-20 17:18:41,203 - INFO -    瑕疵1: 大瑕疵, 面积540像素, 位置(487, 242)
2025-12-20 17:18:42,128 - INFO -    耗时: 0.920秒
2025-12-20 17:18:42,129 - INFO -    检测到瑕疵数: 0
2025-12-20 17:18:42,129 - INFO -    检测阈值: 0.8058
2025-12-20 17:18:42,926 - INFO -    耗时: 0.795秒
2025-12-20 17:18:42,926 - INFO -    检测到瑕疵数: 1
2025-12-20 17:18:42,926 - INFO -    检测阈值: 0.7575
2025-12-20 17:18:42,926 - INFO -    瑕疵1: 污点, 面积620像素, 位置(431, 240)
2025-12-20 17:18:43,769 - INFO -    耗时: 0.841秒
2025-12-20 17:18:43,769 - INFO -    检测到瑕疵数: 1
2025-12-20 17:18:43,769 - INFO -    检测阈值: 0.7400
2025-12-20 17:18:43,769 - INFO -    瑕疵1: 污点, 面积1445像素, 位置(416, 240)
2025-12-20 17:18:44,682 - INFO -    耗时: 0.910秒
2025-12-20 17:18:44,682 - INFO -    检测到瑕疵数: 1
2025-12-20 17:18:44,683 - INFO -    检测阈值: 0.7373
2025-12-20 17:18:44,683 - INFO -    瑕疵1: 污点, 面积460像素, 位置(397, 243)
2025-12-20 17:18:45,549 - INFO -    耗时: 0.864秒
2025-12-20 17:18:45,549 - INFO -    检测到瑕疵数: 1
2025-12-20 17:18:45,549 - INFO -    检测阈值: 0.7106
2025-12-20 17:18:45,550 - INFO -    瑕疵1: 污点, 面积1349像素, 位置(381, 241)
2025-12-20 17:18:46,386 - INFO -    耗时: 0.834秒
2025-12-20 17:18:46,386 - INFO -    检测到瑕疵数: 1
2025-12-20 17:18:46,387 - INFO -    检测阈值: 0.6983
2025-12-20 17:18:46,387 - INFO -    瑕疵1: 污点, 面积1475像素, 位置(356, 240)
2025-12-20 17:18:47,319 - INFO -    耗时: 0.930秒
2025-12-20 17:18:47,319 - INFO -    检测到瑕疵数: 1
2025-12-20 17:18:47,319 - INFO -    检测阈值: 0.7074
2025-12-20 17:18:47,319 - INFO -    瑕疵1: 污点, 面积878像素, 位置(334, 241)
2025-12-20 17:18:48,149 - INFO -    耗时: 0.826秒
2025-12-20 17:18:48,149 - INFO -    检测到瑕疵数: 1
2025-12-20 17:18:48,149 - INFO -    检测阈值: 0.7368
2025-12-20 17:18:48,149 - INFO -    瑕疵1: 大瑕疵, 面积627像素, 位置(319, 239)
2025-12-20 17:18:49,021 - INFO -    耗时: 0.870秒
2025-12-20 17:18:49,021 - INFO -    检测到瑕疵数: 1
2025-12-20 17:18:49,021 - INFO -    检测阈值: 0.7232
2025-12-20 17:18:49,021 - INFO -    瑕疵1: 污点, 面积251像素, 位置(301, 241)
2025-12-20 17:18:49,935 - INFO -    耗时: 0.910秒
2025-12-20 17:18:49,935 - INFO -    检测到瑕疵数: 1
2025-12-20 17:18:49,935 - INFO -    检测阈值: 0.6593
2025-12-20 17:18:49,935 - INFO -    瑕疵1: 污点, 面积1840像素, 位置(282, 242)
2025-12-20 17:18:50,742 - INFO -    耗时: 0.805秒
2025-12-20 17:18:50,742 - INFO -    检测到瑕疵数: 1
2025-12-20 17:18:50,743 - INFO -    检测阈值: 0.7075
2025-12-20 17:18:50,743 - INFO -    瑕疵1: 污点, 面积1470像素, 位置(262, 242)
2025-12-20 17:18:51,640 - INFO -    耗时: 0.895秒
2025-12-20 17:18:51,641 - INFO -    检测到瑕疵数: 1
2025-12-20 17:18:51,641 - INFO -    检测阈值: 0.7077
2025-12-20 17:18:51,641 - INFO -    瑕疵1: 污点, 面积676像素, 位置(239, 238)
2025-12-20 17:18:52,468 - INFO -    耗时: 0.824秒
2025-12-20 17:18:52,468 - INFO -    检测到瑕疵数: 1
2025-12-20 17:18:52,468 - INFO -    检测阈值: 0.7485
2025-12-20 17:18:52,468 - INFO -    瑕疵1: 大瑕疵, 面积381像素, 位置(224, 239)
2025-12-20 17:18:53,318 - INFO -    耗时: 0.846秒
2025-12-20 17:18:53,319 - INFO -    检测到瑕疵数: 1
2025-12-20 17:18:53,319 - INFO -    检测阈值: 0.7360
2025-12-20 17:18:53,319 - INFO -    瑕疵1: 污点, 面积335像素, 位置(207, 242)
2025-12-20 17:18:54,214 - INFO -    耗时: 0.893秒
2025-12-20 17:18:54,215 - INFO -    检测到瑕疵数: 1
2025-12-20 17:18:54,215 - INFO -    检测阈值: 0.7649
2025-12-20 17:18:54,215 - INFO -    瑕疵1: 大瑕疵, 面积261像素, 位置(181, 239)
2025-12-20 17:18:55,036 - INFO -    耗时: 0.818秒
2025-12-20 17:18:55,036 - INFO -    检测到瑕疵数: 0
2025-12-20 17:18:55,036 - INFO -    检测阈值: 0.8106
2025-12-20 17:18:55,940 - INFO -    耗时: 0.901秒
2025-12-20 17:18:55,940 - INFO -    检测到瑕疵数: 0
2025-12-20 17:18:55,940 - INFO -    检测阈值: 0.7780
2025-12-20 17:18:56,785 - INFO -    耗时: 0.841秒
2025-12-20 17:18:56,785 - INFO -    检测到瑕疵数: 1
2025-12-20 17:18:56,785 - INFO -    检测阈值: 0.7680
2025-12-20 17:18:56,786 - INFO -    瑕疵1: 大瑕疵, 面积250像素, 位置(116, 239)
2025-12-20 17:18:57,590 - INFO -    耗时: 0.802秒
2025-12-20 17:18:57,590 - INFO -    检测到瑕疵数: 1
2025-12-20 17:18:57,590 - INFO -    检测阈值: 0.7543
2025-12-20 17:18:57,590 - INFO -    瑕疵1: 大瑕疵, 面积531像素, 位置(102, 239)
2025-12-20 17:18:58,439 - INFO -    耗时: 0.845秒
2025-12-20 17:18:58,439 - INFO -    检测到瑕疵数: 1
2025-12-20 17:18:58,439 - INFO -    检测阈值: 0.7480
2025-12-20 17:18:58,439 - INFO -    瑕疵1: 污点, 面积851像素, 位置(79, 240)
2025-12-20 17:18:59,293 - INFO -    耗时: 0.851秒
2025-12-20 17:18:59,293 - INFO -    检测到瑕疵数: 1
2025-12-20 17:18:59,293 - INFO -    检测阈值: 0.7554
2025-12-20 17:18:59,293 - INFO -    瑕疵1: 污点, 面积852像素, 位置(61, 240)
2025-12-20 17:19:00,112 - INFO -    耗时: 0.815秒
2025-12-20 17:19:00,112 - INFO -    检测到瑕疵数: 1
2025-12-20 17:19:00,112 - INFO -    检测阈值: 0.7680
2025-12-20 17:19:00,112 - INFO -    瑕疵1: 污点, 面积3515像素, 位置(19, 241)
2025-12-20 17:19:01,055 - INFO -    耗时: 0.941秒
2025-12-20 17:19:01,055 - INFO -    检测到瑕疵数: 1
2025-12-20 17:19:01,055 - INFO -    检测阈值: 0.7211
2025-12-20 17:19:01,055 - INFO -    瑕疵1: 污点, 面积3252像素, 位置(16, 247)
2025-12-20 17:19:01,913 - INFO -    耗时: 0.855秒
2025-12-20 17:19:01,913 - INFO -    检测到瑕疵数: 1
2025-12-20 17:19:01,913 - INFO -    检测阈值: 0.7358
2025-12-20 17:19:01,914 - INFO -    瑕疵1: 污点, 面积1187像素, 位置(8, 250)
2025-12-20 17:19:02,739 - INFO -    耗时: 0.823秒
2025-12-20 17:19:02,740 - INFO -    检测到瑕疵数: 1
2025-12-20 17:19:02,740 - INFO -    检测阈值: 0.7696
2025-12-20 17:19:02,740 - INFO -    瑕疵1: 小瑕疵, 面积101像素, 位置(502, 207)
2025-12-20 17:19:03,556 - INFO -    耗时: 0.813秒
2025-12-20 17:19:03,556 - INFO -    检测到瑕疵数: 0
2025-12-20 17:19:03,556 - INFO -    检测阈值: 0.8127
2025-12-20 17:19:04,459 - INFO -    耗时: 0.900秒
2025-12-20 17:19:04,459 - INFO -    检测到瑕疵数: 0
2025-12-20 17:19:04,459 - INFO -    检测阈值: 0.7917
2025-12-20 17:19:05,345 - INFO -    耗时: 0.883秒
2025-12-20 17:19:05,346 - INFO -    检测到瑕疵数: 0
2025-12-20 17:19:05,346 - INFO -    检测阈值: 0.9598
2025-12-20 17:19:06,239 - INFO -    耗时: 0.892秒
2025-12-20 17:19:06,239 - INFO -    检测到瑕疵数: 0
2025-12-20 17:19:06,239 - INFO -    检测阈值: 0.8630
2025-12-20 17:19:07,107 - INFO -    耗时: 0.864秒
2025-12-20 17:19:07,107 - INFO -    检测到瑕疵数: 0
2025-12-20 17:19:07,108 - INFO -    检测阈值: 0.9573
2025-12-20 17:19:07,937 - INFO -    耗时: 0.828秒
2025-12-20 17:19:07,937 - INFO -    检测到瑕疵数: 0
2025-12-20 17:19:07,937 - INFO -    检测阈值: 0.9753
2025-12-20 17:19:08,827 - INFO -    耗时: 0.888秒
2025-12-20 17:19:08,827 - INFO -    检测到瑕疵数: 1
2025-12-20 17:19:08,828 - INFO -    检测阈值: 0.8600
2025-12-20 17:19:08,828 - INFO -    瑕疵1: 污点, 面积624像素, 位置(8, 115)
2025-12-20 17:19:09,672 - INFO -    耗时: 0.842秒
2025-12-20 17:19:09,672 - INFO -    检测到瑕疵数: 0
2025-12-20 17:19:09,672 - INFO -    检测阈值: 0.9529
2025-12-20 17:19:10,508 - INFO -    耗时: 0.833秒
2025-12-20 17:19:10,508 - INFO -    检测到瑕疵数: 0
2025-12-20 17:19:10,508 - INFO -    检测阈值: 0.9613
2025-12-20 17:19:11,315 - INFO -    耗时: 0.805秒
2025-12-20 17:19:11,315 - INFO -    检测到瑕疵数: 0
2025-12-20 17:19:11,315 - INFO -    检测阈值: 0.8634
2025-12-20 17:19:12,136 - INFO -    耗时: 0.819秒
2025-12-20 17:19:12,136 - INFO -    检测到瑕疵数: 0
2025-12-20 17:19:12,136 - INFO -    检测阈值: 0.8743
2025-12-20 17:19:12,937 - INFO -    耗时: 0.799秒
2025-12-20 17:19:12,938 - INFO -    检测到瑕疵数: 0
2025-12-20 17:19:12,938 - INFO -    检测阈值: 0.8482
2025-12-20 17:19:13,880 - INFO -    耗时: 0.940秒
2025-12-20 17:19:13,881 - INFO -    检测到瑕疵数: 0
2025-12-20 17:19:13,881 - INFO -    检测阈值: 0.9366
2025-12-20 17:19:14,715 - INFO -    耗时: 0.831秒
2025-12-20 17:19:14,715 - INFO -    检测到瑕疵数: 0
2025-12-20 17:19:14,715 - INFO -    检测阈值: 0.8750
2025-12-20 17:19:15,530 - INFO -    耗时: 0.812秒
2025-12-20 17:19:15,530 - INFO -    检测到瑕疵数: 0
2025-12-20 17:19:15,530 - INFO -    检测阈值: 0.9049
2025-12-20 17:19:16,362 - INFO -    耗时: 0.831秒
2025-12-20 17:19:16,362 - INFO -    检测到瑕疵数: 0
2025-12-20 17:19:16,362 - INFO -    检测阈值: 0.9375
2025-12-20 17:19:17,227 - INFO -    耗时: 0.860秒
2025-12-20 17:19:17,227 - INFO -    检测到瑕疵数: 0
2025-12-20 17:19:17,228 - INFO -    检测阈值: 0.9337
2025-12-20 17:19:18,010 - INFO -    耗时: 0.780秒
2025-12-20 17:19:18,011 - INFO -    检测到瑕疵数: 0
2025-12-20 17:19:18,011 - INFO -    检测阈值: 0.8607
2025-12-20 17:19:18,901 - INFO -    耗时: 0.888秒
2025-12-20 17:19:18,901 - INFO -    检测到瑕疵数: 1
2025-12-20 17:19:18,902 - INFO -    检测阈值: 0.7140
2025-12-20 17:19:18,902 - INFO -    瑕疵1: 大瑕疵, 面积873像素, 位置(503, 49)
2025-12-20 17:19:19,734 - INFO -    耗时: 0.829秒
2025-12-20 17:19:19,734 - INFO -    检测到瑕疵数: 0
2025-12-20 17:19:19,734 - INFO -    检测阈值: 0.8540
2025-12-20 17:19:20,591 - INFO -    耗时: 0.854秒
2025-12-20 17:19:20,591 - INFO -    检测到瑕疵数: 1
2025-12-20 17:19:20,591 - INFO -    检测阈值: 0.7677
2025-12-20 17:19:20,591 - INFO -    瑕疵1: 污点, 面积158像素, 位置(502, 79)
2025-12-20 17:19:21,455 - INFO -    耗时: 0.860秒
2025-12-20 17:19:21,455 - INFO -    检测到瑕疵数: 1
2025-12-20 17:19:21,455 - INFO -    检测阈值: 0.8132
2025-12-20 17:19:21,455 - INFO -    瑕疵1: 污点, 面积699像素, 位置(10, 97)
2025-12-20 17:19:22,287 - INFO -    耗时: 0.829秒
2025-12-20 17:19:22,287 - INFO -    检测到瑕疵数: 1
2025-12-20 17:19:22,287 - INFO -    检测阈值: 0.8201
2025-12-20 17:19:22,288 - INFO -    瑕疵1: 污点, 面积351像素, 位置(10, 85)
2025-12-20 17:19:23,199 - INFO -    耗时: 0.908秒
2025-12-20 17:19:23,199 - INFO -    检测到瑕疵数: 1
2025-12-20 17:19:23,199 - INFO -    检测阈值: 0.8205
2025-12-20 17:19:23,199 - INFO -    瑕疵1: 污点, 面积156像素, 位置(503, 173)
2025-12-20 17:19:24,084 - INFO -    耗时: 0.882秒
2025-12-20 17:19:24,084 - INFO -    检测到瑕疵数: 1
2025-12-20 17:19:24,084 - INFO -    检测阈值: 0.7428
2025-12-20 17:19:24,085 - INFO -    瑕疵1: 污点, 面积3597像素, 位置(500, 154)
2025-12-20 17:19:24,952 - INFO -    耗时: 0.865秒
2025-12-20 17:19:24,952 - INFO -    检测到瑕疵数: 1
2025-12-20 17:19:24,952 - INFO -    检测阈值: 0.7175
2025-12-20 17:19:24,952 - INFO -    瑕疵1: 大瑕疵, 面积3115像素, 位置(503, 171)
2025-12-20 17:19:25,840 - INFO -    耗时: 0.885秒
2025-12-20 17:19:25,840 - INFO -    检测到瑕疵数: 0
2025-12-20 17:19:25,840 - INFO -    检测阈值: 0.8903
2025-12-20 17:19:26,680 - INFO -    耗时: 0.836秒
2025-12-20 17:19:26,680 - INFO -    检测到瑕疵数: 1
2025-12-20 17:19:26,680 - INFO -    检测阈值: 0.8812
2025-12-20 17:19:26,680 - INFO -    瑕疵1: 小瑕疵, 面积63像素, 位置(503, 112)
2025-12-20 17:19:27,587 - INFO -    耗时: 0.904秒
2025-12-20 17:19:27,587 - INFO -    检测到瑕疵数: 0
2025-12-20 17:19:27,587 - INFO -    检测阈值: 0.9064
2025-12-20 17:19:28,448 - INFO -    耗时: 0.858秒
2025-12-20 17:19:28,448 - INFO -    检测到瑕疵数: 0
2025-12-20 17:19:28,449 - INFO -    检测阈值: 0.8612
2025-12-20 17:19:29,301 - INFO -    耗时: 0.850秒
2025-12-20 17:19:29,301 - INFO -    检测到瑕疵数: 0
2025-12-20 17:19:29,302 - INFO -    检测阈值: 0.8692
2025-12-20 17:19:30,137 - INFO -    耗时: 0.831秒
2025-12-20 17:19:30,138 - INFO -    检测到瑕疵数: 0
2025-12-20 17:19:30,138 - INFO -    检测阈值: 0.8731
2025-12-20 17:19:31,065 - INFO -    耗时: 0.924秒
2025-12-20 17:19:31,065 - INFO -    检测到瑕疵数: 0
2025-12-20 17:19:31,066 - INFO -    检测阈值: 0.9227
2025-12-20 17:19:32,233 - INFO -    耗时: 1.165秒
2025-12-20 17:19:32,233 - INFO -    检测到瑕疵数: 0
2025-12-20 17:19:32,234 - INFO -    检测阈值: 0.8729
2025-12-20 17:19:33,141 - INFO -    耗时: 0.905秒
2025-12-20 17:19:33,141 - INFO -    检测到瑕疵数: 1
2025-12-20 17:19:33,141 - INFO -    检测阈值: 0.8596
2025-12-20 17:19:33,141 - INFO -    瑕疵1: 大瑕疵, 面积437像素, 位置(355, 180)
2025-12-20 17:19:33,939 - INFO -    耗时: 0.795秒
2025-12-20 17:19:33,939 - INFO -    检测到瑕疵数: 1
2025-12-20 17:19:33,939 - INFO -    检测阈值: 0.8666
2025-12-20 17:19:33,939 - INFO -    瑕疵1: 污点, 面积65像素, 位置(335, 177)
2025-12-20 17:19:34,810 - INFO -    耗时: 0.868秒
2025-12-20 17:19:34,810 - INFO -    检测到瑕疵数: 0
2025-12-20 17:19:34,810 - INFO -    检测阈值: 0.8806
2025-12-20 17:19:35,612 - INFO -    耗时: 0.799秒
2025-12-20 17:19:35,612 - INFO -    检测到瑕疵数: 1
2025-12-20 17:19:35,612 - INFO -    检测阈值: 0.8672
2025-12-20 17:19:35,612 - INFO -    瑕疵1: 污点, 面积437像素, 位置(502, 334)
2025-12-20 17:19:36,405 - INFO -    耗时: 0.790秒
2025-12-20 17:19:36,405 - INFO -    检测到瑕疵数: 1
2025-12-20 17:19:36,405 - INFO -    检测阈值: 0.8170
2025-12-20 17:19:36,405 - INFO -    瑕疵1: 小瑕疵, 面积60像素, 位置(503, 114)
2025-12-20 17:19:37,227 - INFO -    耗时: 0.818秒
2025-12-20 17:19:37,227 - INFO -    检测到瑕疵数: 0
2025-12-20 17:19:37,227 - INFO -    检测阈值: 0.9022
2025-12-20 17:19:38,080 - INFO -    耗时: 0.850秒
2025-12-20 17:19:38,080 - INFO -    检测到瑕疵数: 0
2025-12-20 17:19:38,081 - INFO -    检测阈值: 0.9018
2025-12-20 17:19:38,887 - INFO -    耗时: 0.804秒
2025-12-20 17:19:38,887 - INFO -    检测到瑕疵数: 1
2025-12-20 17:19:38,887 - INFO -    检测阈值: 0.8291
2025-12-20 17:19:38,887 - INFO -    瑕疵1: 污点, 面积1141像素, 位置(217, 181)
2025-12-20 17:19:39,815 - INFO -    耗时: 0.925秒
2025-12-20 17:19:39,815 - INFO -    检测到瑕疵数: 1
2025-12-20 17:19:39,815 - INFO -    检测阈值: 0.8073
2025-12-20 17:19:39,815 - INFO -    瑕疵1: 污点, 面积1544像素, 位置(200, 188)
2025-12-20 17:19:40,642 - INFO -    耗时: 0.824秒
2025-12-20 17:19:40,642 - INFO -    检测到瑕疵数: 0
2025-12-20 17:19:40,642 - INFO -    检测阈值: 0.8683
2025-12-20 17:19:41,459 - INFO -    耗时: 0.814秒
2025-12-20 17:19:41,459 - INFO -    检测到瑕疵数: 1
2025-12-20 17:19:41,459 - INFO -    检测阈值: 0.7712
2025-12-20 17:19:41,460 - INFO -    瑕疵1: 大瑕疵, 面积2021像素, 位置(503, 139)
2025-12-20 17:19:42,366 - INFO -    耗时: 0.904秒
2025-12-20 17:19:42,367 - INFO -    检测到瑕疵数: 0
2025-12-20 17:19:42,367 - INFO -    检测阈值: 0.8381
2025-12-20 17:19:43,161 - INFO -    耗时: 0.793秒
2025-12-20 17:19:43,162 - INFO -    检测到瑕疵数: 0
2025-12-20 17:19:43,162 - INFO -    检测阈值: 0.9083
2025-12-20 17:19:43,983 - INFO -    耗时: 0.819秒
2025-12-20 17:19:43,983 - INFO -    检测到瑕疵数: 0
2025-12-20 17:19:43,983 - INFO -    检测阈值: 0.8707
2025-12-20 17:19:44,840 - INFO -    耗时: 0.854秒
2025-12-20 17:19:44,841 - INFO -    检测到瑕疵数: 0
2025-12-20 17:19:44,841 - INFO -    检测阈值: 0.9107
2025-12-20 17:19:45,699 - INFO -    耗时: 0.855秒
2025-12-20 17:19:45,699 - INFO -    检测到瑕疵数: 1
2025-12-20 17:19:45,699 - INFO -    检测阈值: 0.8260
2025-12-20 17:19:45,699 - INFO -    瑕疵1: 污点, 面积2136像素, 位置(50, 192)
2025-12-20 17:19:46,531 - INFO -    耗时: 0.829秒
2025-12-20 17:19:46,531 - INFO -    检测到瑕疵数: 1
2025-12-20 17:19:46,531 - INFO -    检测阈值: 0.9068
2025-12-20 17:19:46,531 - INFO -    瑕疵1: 污点, 面积1428像素, 位置(23, 183)
2025-12-20 17:19:47,435 - INFO -    耗时: 0.901秒
2025-12-20 17:19:47,435 - INFO -    检测到瑕疵数: 0
2025-12-20 17:19:47,436 - INFO -    检测阈值: 0.9353
2025-12-20 17:19:48,273 - INFO -    耗时: 0.835秒
2025-12-20 17:19:48,273 - INFO -    检测到瑕疵数: 1
2025-12-20 17:19:48,273 - INFO -    检测阈值: 0.8205
2025-12-20 17:19:48,273 - INFO -    瑕疵1: 污点, 面积1112像素, 位置(7, 201)
2025-12-20 17:19:49,120 - INFO -    耗时: 0.843秒
2025-12-20 17:19:49,121 - INFO -    检测到瑕疵数: 1
2025-12-20 17:19:49,121 - INFO -    检测阈值: 0.7334
2025-12-20 17:19:49,121 - INFO -    瑕疵1: 大瑕疵, 面积943像素, 位置(7, 203)
2025-12-20 17:19:49,930 - INFO -    耗时: 0.808秒
2025-12-20 17:19:49,930 - INFO -    检测到瑕疵数: 0
2025-12-20 17:19:49,930 - INFO -    检测阈值: 0.8952
2025-12-20 17:19:50,759 - INFO -    耗时: 0.826秒
2025-12-20 17:19:50,759 - INFO -    检测到瑕疵数: 0
2025-12-20 17:19:50,759 - INFO -    检测阈值: 0.8165
2025-12-20 17:19:51,565 - INFO -    耗时: 0.804秒
2025-12-20 17:19:51,565 - INFO -    检测到瑕疵数: 1
2025-12-20 17:19:51,565 - INFO -    检测阈值: 0.7178
2025-12-20 17:19:51,565 - INFO -    瑕疵1: 污点, 面积1510像素, 位置(502, 423)
2025-12-20 17:19:52,443 - INFO -    耗时: 0.874秒
2025-12-20 17:19:52,443 - INFO -    检测到瑕疵数: 0
2025-12-20 17:19:52,443 - INFO -    检测阈值: 0.8512
2025-12-20 17:19:53,312 - INFO -    耗时: 0.866秒
2025-12-20 17:19:53,312 - INFO -    检测到瑕疵数: 1
2025-12-20 17:19:53,312 - INFO -    检测阈值: 0.8766
2025-12-20 17:19:53,312 - INFO -    瑕疵1: 大瑕疵, 面积1803像素, 位置(7, 148)
2025-12-20 17:19:54,115 - INFO -    耗时: 0.800秒
2025-12-20 17:19:54,115 - INFO -    检测到瑕疵数: 0
2025-12-20 17:19:54,116 - INFO -    检测阈值: 0.8965
2025-12-20 17:19:54,955 - INFO -    耗时: 0.837秒
2025-12-20 17:19:54,955 - INFO -    检测到瑕疵数: 0
2025-12-20 17:19:54,955 - INFO -    检测阈值: 0.8030
2025-12-20 17:19:55,837 - INFO -    耗时: 0.878秒
2025-12-20 17:19:55,837 - INFO -    检测到瑕疵数: 0
2025-12-20 17:19:55,837 - INFO -    检测阈值: 0.8945
2025-12-20 17:19:56,628 - INFO -    耗时: 0.788秒
2025-12-20 17:19:56,628 - INFO -    检测到瑕疵数: 1
2025-12-20 17:19:56,628 - INFO -    检测阈值: 0.8660
2025-12-20 17:19:56,628 - INFO -    瑕疵1: 污点, 面积388像素, 位置(12, 150)
2025-12-20 17:19:57,503 - INFO -    耗时: 0.872秒
2025-12-20 17:19:57,503 - INFO -    检测到瑕疵数: 0
2025-12-20 17:19:57,504 - INFO -    检测阈值: 0.9311
2025-12-20 17:19:58,373 - INFO -    耗时: 0.866秒
2025-12-20 17:19:58,373 - INFO -    检测到瑕疵数: 0
2025-12-20 17:19:58,374 - INFO -    检测阈值: 0.8716
2025-12-20 17:19:59,184 - INFO -    耗时: 0.808秒
2025-12-20 17:19:59,184 - INFO -    检测到瑕疵数: 0
2025-12-20 17:19:59,184 - INFO -    检测阈值: 0.9047
2025-12-20 17:20:00,035 - INFO -    耗时: 0.849秒
2025-12-20 17:20:00,035 - INFO -    检测到瑕疵数: 0
2025-12-20 17:20:00,035 - INFO -    检测阈值: 0.9176
2025-12-20 17:20:00,888 - INFO -    耗时: 0.851秒
2025-12-20 17:20:00,888 - INFO -    检测到瑕疵数: 1
2025-12-20 17:20:00,888 - INFO -    检测阈值: 0.8223
2025-12-20 17:20:00,889 - INFO -    瑕疵1: 污点, 面积1454像素, 位置(14, 133)
2025-12-20 17:20:01,804 - INFO -    耗时: 0.913秒
2025-12-20 17:20:01,804 - INFO -    检测到瑕疵数: 0
2025-12-20 17:20:01,804 - INFO -    检测阈值: 0.9116
2025-12-20 17:20:02,662 - INFO -    耗时: 0.855秒
2025-12-20 17:20:02,663 - INFO -    检测到瑕疵数: 0
2025-12-20 17:20:02,663 - INFO -    检测阈值: 0.8931
2025-12-20 17:20:03,471 - INFO -    耗时: 0.806秒
2025-12-20 17:20:03,471 - INFO -    检测到瑕疵数: 1
2025-12-20 17:20:03,471 - INFO -    检测阈值: 0.8233
2025-12-20 17:20:03,471 - INFO -    瑕疵1: 污点, 面积302像素, 位置(501, 303)
2025-12-20 17:20:04,310 - INFO -    耗时: 0.836秒
2025-12-20 17:20:04,310 - INFO -    检测到瑕疵数: 0
2025-12-20 17:20:04,310 - INFO -    检测阈值: 0.8546
2025-12-20 17:20:05,132 - INFO -    耗时: 0.820秒
2025-12-20 17:20:05,132 - INFO -    检测到瑕疵数: 0
2025-12-20 17:20:05,133 - INFO -    检测阈值: 0.8170
2025-12-20 17:20:06,053 - INFO -    耗时: 0.919秒
2025-12-20 17:20:06,053 - INFO -    检测到瑕疵数: 0
2025-12-20 17:20:06,054 - INFO -    检测阈值: 0.7700
2025-12-20 17:20:06,901 - INFO -    耗时: 0.845秒
2025-12-20 17:20:06,901 - INFO -    检测到瑕疵数: 0
2025-12-20 17:20:06,901 - INFO -    检测阈值: 0.7856
2025-12-20 17:20:07,706 - INFO -    耗时: 0.803秒
2025-12-20 17:20:07,706 - INFO -    检测到瑕疵数: 0
2025-12-20 17:20:07,707 - INFO -    检测阈值: 0.8353
2025-12-20 17:20:08,544 - INFO -    耗时: 0.835秒
2025-12-20 17:20:08,544 - INFO -    检测到瑕疵数: 1
2025-12-20 17:20:08,544 - INFO -    检测阈值: 0.7677
2025-12-20 17:20:08,544 - INFO -    瑕疵1: 污点, 面积427像素, 位置(431, 241)
2025-12-20 17:20:09,379 - INFO -    耗时: 0.832秒
2025-12-20 17:20:09,379 - INFO -    检测到瑕疵数: 1
2025-12-20 17:20:09,379 - INFO -    检测阈值: 0.7547
2025-12-20 17:20:09,379 - INFO -    瑕疵1: 污点, 面积1353像素, 位置(416, 239)
2025-12-20 17:20:10,174 - INFO -    耗时: 0.792秒
2025-12-20 17:20:10,174 - INFO -    检测到瑕疵数: 1
2025-12-20 17:20:10,174 - INFO -    检测阈值: 0.7455
2025-12-20 17:20:10,174 - INFO -    瑕疵1: 污点, 面积423像素, 位置(398, 242)
2025-12-20 17:20:11,065 - INFO -    耗时: 0.887秒
2025-12-20 17:20:11,065 - INFO -    检测到瑕疵数: 1
2025-12-20 17:20:11,065 - INFO -    检测阈值: 0.7049
2025-12-20 17:20:11,065 - INFO -    瑕疵1: 污点, 面积819像素, 位置(379, 239)
2025-12-20 17:20:11,903 - INFO -    耗时: 0.834秒
2025-12-20 17:20:11,903 - INFO -    检测到瑕疵数: 1
2025-12-20 17:20:11,903 - INFO -    检测阈值: 0.7109
2025-12-20 17:20:11,903 - INFO -    瑕疵1: 污点, 面积1245像素, 位置(354, 240)
2025-12-20 17:20:12,711 - INFO -    耗时: 0.806秒
2025-12-20 17:20:12,711 - INFO -    检测到瑕疵数: 1
2025-12-20 17:20:12,711 - INFO -    检测阈值: 0.7173
2025-12-20 17:20:12,711 - INFO -    瑕疵1: 污点, 面积851像素, 位置(334, 239)
2025-12-20 17:20:13,547 - INFO -    耗时: 0.833秒
2025-12-20 17:20:13,548 - INFO -    检测到瑕疵数: 1
2025-12-20 17:20:13,548 - INFO -    检测阈值: 0.7497
2025-12-20 17:20:13,548 - INFO -    瑕疵1: 大瑕疵, 面积393像素, 位置(318, 239)
2025-12-20 17:20:14,372 - INFO -    耗时: 0.821秒
2025-12-20 17:20:14,372 - INFO -    检测到瑕疵数: 1
2025-12-20 17:20:14,373 - INFO -    检测阈值: 0.7336
2025-12-20 17:20:14,373 - INFO -    瑕疵1: 污点, 面积223像素, 位置(300, 241)
2025-12-20 17:20:15,316 - INFO -    耗时: 0.940秒
2025-12-20 17:20:15,316 - INFO -    检测到瑕疵数: 1
2025-12-20 17:20:15,316 - INFO -    检测阈值: 0.6599
2025-12-20 17:20:15,316 - INFO -    瑕疵1: 污点, 面积1819像素, 位置(278, 242)
2025-12-20 17:20:16,143 - INFO -    耗时: 0.824秒
2025-12-20 17:20:16,144 - INFO -    检测到瑕疵数: 1
2025-12-20 17:20:16,144 - INFO -    检测阈值: 0.7060
2025-12-20 17:20:16,144 - INFO -    瑕疵1: 污点, 面积1653像素, 位置(261, 243)
2025-12-20 17:20:16,963 - INFO -    耗时: 0.817秒
2025-12-20 17:20:16,963 - INFO -    检测到瑕疵数: 1
2025-12-20 17:20:16,963 - INFO -    检测阈值: 0.7067
2025-12-20 17:20:16,963 - INFO -    瑕疵1: 污点, 面积475像素, 位置(239, 239)
2025-12-20 17:20:17,768 - INFO -    耗时: 0.801秒
2025-12-20 17:20:17,768 - INFO -    检测到瑕疵数: 1
2025-12-20 17:20:17,769 - INFO -    检测阈值: 0.7325
2025-12-20 17:20:17,769 - INFO -    瑕疵1: 大瑕疵, 面积441像素, 位置(222, 239)
2025-12-20 17:20:18,607 - INFO -    耗时: 0.837秒
2025-12-20 17:20:18,607 - INFO -    检测到瑕疵数: 1
2025-12-20 17:20:18,607 - INFO -    检测阈值: 0.7479
2025-12-20 17:20:18,608 - INFO -    瑕疵1: 污点, 面积161像素, 位置(205, 241)
2025-12-20 17:20:19,402 - INFO -    耗时: 0.792秒
2025-12-20 17:20:19,403 - INFO -    检测到瑕疵数: 1
2025-12-20 17:20:19,403 - INFO -    检测阈值: 0.7659
2025-12-20 17:20:19,403 - INFO -    瑕疵1: 污点, 面积184像素, 位置(179, 239)
2025-12-20 17:20:20,304 - INFO -    耗时: 0.899秒
2025-12-20 17:20:20,305 - INFO -    检测到瑕疵数: 0
2025-12-20 17:20:20,305 - INFO -    检测阈值: 0.8137
2025-12-20 17:20:21,115 - INFO -    耗时: 0.808秒
2025-12-20 17:20:21,115 - INFO -    检测到瑕疵数: 0
2025-12-20 17:20:21,116 - INFO -    检测阈值: 0.7926
2025-12-20 17:20:21,958 - INFO -    耗时: 0.840秒
2025-12-20 17:20:21,958 - INFO -    检测到瑕疵数: 1
2025-12-20 17:20:21,958 - INFO -    检测阈值: 0.7774
2025-12-20 17:20:21,958 - INFO -    瑕疵1: 污点, 面积122像素, 位置(114, 239)
2025-12-20 17:20:22,777 - INFO -    耗时: 0.815秒
2025-12-20 17:20:22,777 - INFO -    检测到瑕疵数: 1
2025-12-20 17:20:22,778 - INFO -    检测阈值: 0.7668
2025-12-20 17:20:22,778 - INFO -    瑕疵1: 大瑕疵, 面积504像素, 位置(102, 239)
2025-12-20 17:20:23,607 - INFO -    耗时: 0.827秒
2025-12-20 17:20:23,607 - INFO -    检测到瑕疵数: 1
2025-12-20 17:20:23,608 - INFO -    检测阈值: 0.7424
2025-12-20 17:20:23,608 - INFO -    瑕疵1: 污点, 面积685像素, 位置(77, 240)
2025-12-20 17:20:24,415 - INFO -    耗时: 0.804秒
2025-12-20 17:20:24,415 - INFO -    检测到瑕疵数: 1
2025-12-20 17:20:24,415 - INFO -    检测阈值: 0.7605
2025-12-20 17:20:24,415 - INFO -    瑕疵1: 大瑕疵, 面积715像素, 位置(58, 239)
2025-12-20 17:20:25,284 - INFO -    耗时: 0.867秒
2025-12-20 17:20:25,284 - INFO -    检测到瑕疵数: 1
2025-12-20 17:20:25,285 - INFO -    检测阈值: 0.7588
2025-12-20 17:20:25,285 - INFO -    瑕疵1: 污点, 面积3174像素, 位置(18, 241)
2025-12-20 17:20:26,090 - INFO -    耗时: 0.802秒
2025-12-20 17:20:26,091 - INFO -    检测到瑕疵数: 1
2025-12-20 17:20:26,091 - INFO -    检测阈值: 0.7120
2025-12-20 17:20:26,091 - INFO -    瑕疵1: 污点, 面积3106像素, 位置(15, 248)
2025-12-20 17:20:26,901 - INFO -    耗时: 0.808秒
2025-12-20 17:20:26,902 - INFO -    检测到瑕疵数: 1
2025-12-20 17:20:26,902 - INFO -    检测阈值: 0.7523
2025-12-20 17:20:26,902 - INFO -    瑕疵1: 污点, 面积495像素, 位置(8, 246)
2025-12-20 17:20:27,723 - INFO -    耗时: 0.819秒
2025-12-20 17:20:27,723 - INFO -    检测到瑕疵数: 1
2025-12-20 17:20:27,723 - INFO -    检测阈值: 0.7837
2025-12-20 17:20:27,724 - INFO -    瑕疵1: 小瑕疵, 面积137像素, 位置(501, 207)
2025-12-20 17:20:28,542 - INFO -    耗时: 0.816秒
2025-12-20 17:20:28,542 - INFO -    检测到瑕疵数: 0
2025-12-20 17:20:28,543 - INFO -    检测阈值: 0.8255
2025-12-20 17:20:29,451 - INFO -    耗时: 0.906秒
2025-12-20 17:20:29,451 - INFO -    检测到瑕疵数: 0
2025-12-20 17:20:29,451 - INFO -    检测阈值: 0.7897
2025-12-21 14:11:22,836 - INFO - Loading faiss with AVX2 support.
2025-12-21 14:11:22,892 - INFO - Successfully loaded faiss with AVX2 support.
2025-12-21 14:12:09,743 - INFO - Loading faiss with AVX2 support.
2025-12-21 14:12:09,765 - INFO - Successfully loaded faiss with AVX2 support.
2025-12-21 14:29:06,186 - INFO - Loading faiss with AVX2 support.
2025-12-21 14:29:06,202 - INFO - Successfully loaded faiss with AVX2 support.
2025-12-21 15:28:15,438 - INFO - Loading faiss with AVX2 support.
2025-12-21 15:28:15,458 - INFO - Successfully loaded faiss with AVX2 support.
2025-12-21 15:42:18,384 - INFO - Loading faiss with AVX2 support.
2025-12-21 15:42:18,405 - INFO - Successfully loaded faiss with AVX2 support.
2025-12-21 17:03:12,006 - INFO -    耗时: 1.103秒
2025-12-21 17:03:12,007 - INFO -    检测到瑕疵数: 9
2025-12-21 17:03:12,007 - INFO -    检测阈值: 1.0000
2025-12-21 17:03:12,007 - INFO -    瑕疵3: 小瑕疵, 面积93像素, 位置(162, 430)
2025-12-21 17:03:12,007 - INFO -    瑕疵4: 大瑕疵, 面积203像素, 位置(165, 336)
2025-12-21 17:03:12,008 - INFO -    瑕疵5: 小瑕疵, 面积133像素, 位置(11, 305)
2025-12-21 17:03:12,008 - INFO -    瑕疵6: 小瑕疵, 面积165像素, 位置(450, 304)
2025-12-21 17:03:12,008 - INFO -    瑕疵7: 小瑕疵, 面积140像素, 位置(10, 208)
2025-12-21 17:03:12,008 - INFO -    瑕疵9: 小瑕疵, 面积160像素, 位置(497, 112)
2025-12-21 17:03:12,008 - INFO -    瑕疵10: 小瑕疵, 面积96像素, 位置(335, 92)
2025-12-21 17:03:12,008 - INFO -    瑕疵11: 小瑕疵, 面积129像素, 位置(192, 81)
2025-12-21 17:03:12,008 - INFO -    瑕疵13: 小瑕疵, 面积200像素, 位置(79, 95)
2025-12-21 17:09:12,864 - INFO - Loading faiss with AVX2 support.
2025-12-21 17:09:12,912 - INFO - Successfully loaded faiss with AVX2 support.
2025-12-21 17:09:15,288 - ERROR - 单张检测失败: Error in __cdecl faiss::FileIOReader::FileIOReader(const char *) at D:\a\faiss-wheels\faiss-wheels\third-party\faiss\faiss\impl\io.cpp:70: Error: 'f' failed: could not open D:\FILES\Learnning\拖挂车逃费识别\250708_new_net\250925buliao_match_project\feature_lib_test_faiss.index for reading: No such file or directory
2025-12-21 17:09:28,546 - ERROR - 单张检测失败: Error in __cdecl faiss::FileIOReader::FileIOReader(const char *) at D:\a\faiss-wheels\faiss-wheels\third-party\faiss\faiss\impl\io.cpp:70: Error: 'f' failed: could not open D:\FILES\Learnning\拖挂车逃费识别\250708_new_net\250925buliao_match_project\feature_lib_test_faiss.index for reading: No such file or directory
2025-12-21 17:09:32,061 - ERROR - 单张检测失败: Error in __cdecl faiss::FileIOReader::FileIOReader(const char *) at D:\a\faiss-wheels\faiss-wheels\third-party\faiss\faiss\impl\io.cpp:70: Error: 'f' failed: could not open D:\FILES\Learnning\拖挂车逃费识别\250708_new_net\250925buliao_match_project\feature_lib_test_faiss.index for reading: No such file or directory
2025-12-21 17:09:42,930 - ERROR - 单张检测失败: Error in __cdecl faiss::FileIOReader::FileIOReader(const char *) at D:\a\faiss-wheels\faiss-wheels\third-party\faiss\faiss\impl\io.cpp:70: Error: 'f' failed: could not open D:\FILES\Learnning\拖挂车逃费识别\250708_new_net\250925buliao_match_project\feature_lib_test_faiss.index for reading: No such file or directory
2025-12-21 17:10:15,119 - ERROR - 单张检测失败: Error in __cdecl faiss::FileIOReader::FileIOReader(const char *) at D:\a\faiss-wheels\faiss-wheels\third-party\faiss\faiss\impl\io.cpp:70: Error: 'f' failed: could not open D:\FILES\Learnning\拖挂车逃费识别\250708_new_net\250925buliao_match_project\feature_lib_test_faiss.index for reading: No such file or directory
2025-12-21 17:10:30,664 - INFO - Loading faiss with AVX2 support.
2025-12-21 17:10:30,684 - INFO - Successfully loaded faiss with AVX2 support.
2025-12-21 17:10:43,448 - INFO -    耗时: 0.942秒
2025-12-21 17:10:43,448 - INFO -    检测到瑕疵数: 9
2025-12-21 17:10:43,448 - INFO -    检测阈值: 1.0000
2025-12-21 17:10:43,448 - INFO -    瑕疵3: 小瑕疵, 面积93像素, 位置(162, 430)
2025-12-21 17:10:43,448 - INFO -    瑕疵4: 大瑕疵, 面积203像素, 位置(165, 336)
2025-12-21 17:10:43,448 - INFO -    瑕疵5: 小瑕疵, 面积133像素, 位置(11, 305)
2025-12-21 17:10:43,449 - INFO -    瑕疵6: 小瑕疵, 面积165像素, 位置(450, 304)
2025-12-21 17:10:43,449 - INFO -    瑕疵7: 小瑕疵, 面积140像素, 位置(10, 208)
2025-12-21 17:10:43,449 - INFO -    瑕疵9: 小瑕疵, 面积160像素, 位置(497, 112)
2025-12-21 17:10:43,449 - INFO -    瑕疵10: 小瑕疵, 面积96像素, 位置(335, 92)
2025-12-21 17:10:43,449 - INFO -    瑕疵11: 小瑕疵, 面积129像素, 位置(192, 81)
2025-12-21 17:10:43,449 - INFO -    瑕疵13: 小瑕疵, 面积200像素, 位置(79, 95)
